#
# There is insufficient memory for the Java Runtime Environment to continue.
# Native memory allocation (mmap) failed to map 264241152 bytes. Error detail: G1 virtual space
# Possible reasons:
#   The system is out of physical RAM or swap space
#   This process is running with CompressedOops enabled, and the Java Heap may be blocking the growth of the native heap
# Possible solutions:
#   Reduce memory load on the system
#   Increase physical memory or swap space
#   Check if swap backing store is full
#   Decrease Java heap size (-Xmx/-Xms)
#   Decrease number of Java threads
#   Decrease Java thread stack sizes (-Xss)
#   Set larger code cache with -XX:ReservedCodeCacheSize=
#   JVM is running with Zero Based Compressed Oops mode in which the Java heap is
#     placed in the first 32GB address space. The Java Heap base address is the
#     maximum limit for the native heap growth. Please use -XX:HeapBaseMinAddress
#     to set the Java Heap base and to place the Java Heap above 32GB virtual address.
# This output file may be truncated or incomplete.
#
#  Out of Memory Error (os_windows.cpp:3825), pid=42708, tid=45608
#
# JRE version:  (17.0.11+1) (build )
# Java VM: OpenJDK 64-Bit Server VM (17.0.11+1-b1207.24, mixed mode, sharing, tiered, compressed oops, compressed class ptrs, g1 gc, windows-amd64)
# No core dump will be written. Minidumps are not enabled by default on client versions of Windows
#

---------------  S U M M A R Y ------------

Command Line: git4idea.http.GitAskPassApp Username for 'https://gitee.com': 

Host: 12th Gen Intel(R) Core(TM) i7-12700H, 20 cores, 15G,  Windows 11 , 64 bit Build 22621 (10.0.22621.4974)
Time: Wed Mar 26 16:41:20 2025  Windows 11 , 64 bit Build 22621 (10.0.22621.4974) elapsed time: 0.012122 seconds (0d 0h 0m 0s)

---------------  T H R E A D  ---------------

Current thread (0x000002716e7bd7b0):  JavaThread "Unknown thread" [_thread_in_vm, id=45608, stack(0x000000deffd00000,0x000000deffe00000)]

Stack: [0x000000deffd00000,0x000000deffe00000]
Native frames: (J=compiled Java code, j=interpreted, Vv=VM code, C=native code)
V  [jvm.dll+0x6877f9]
V  [jvm.dll+0x8411aa]
V  [jvm.dll+0x842e2e]
V  [jvm.dll+0x843493]
V  [jvm.dll+0x249fdf]
V  [jvm.dll+0x6845c9]
V  [jvm.dll+0x678e7a]
V  [jvm.dll+0x30ab4b]
V  [jvm.dll+0x311ff6]
V  [jvm.dll+0x361a5e]
V  [jvm.dll+0x361c8f]
V  [jvm.dll+0x2e0978]
V  [jvm.dll+0x2e18e4]
V  [jvm.dll+0x811c71]
V  [jvm.dll+0x36f7c8]
V  [jvm.dll+0x7f05f6]
V  [jvm.dll+0x3f398f]
V  [jvm.dll+0x3f5541]
C  [jli.dll+0x528f]
C  [ucrtbase.dll+0x29333]
C  [KERNEL32.DLL+0x1259d]
C  [ntdll.dll+0x5af38]


---------------  P R O C E S S  ---------------

Threads class SMR info:
_java_thread_list=0x00007ffcdb18efd8, length=0, elements={
}

Java Threads: ( => current thread )

Other Threads:
  0x000002716e82f8e0 GCTaskThread "GC Thread#0" [stack: 0x000000deffe00000,0x000000defff00000] [id=42176]
  0x000002716e8403f0 ConcurrentGCThread "G1 Main Marker" [stack: 0x000000defff00000,0x000000df00000000] [id=40000]
  0x000002716e840e10 ConcurrentGCThread "G1 Conc#0" [stack: 0x000000de80000000,0x000000de80100000] [id=45604]

[error occurred during error reporting (printing all threads), id 0xc0000005, EXCEPTION_ACCESS_VIOLATION (0xc0000005) at pc=0x00007ffcda941547]

VM state: not at safepoint (not fully initialized)

VM Mutex/Monitor currently owned by a thread:  ([mutex/lock_event])
[0x000002716e7b7800] Heap_lock - owner thread: 0x000002716e7bd7b0

Heap address: 0x0000000704400000, size: 4028 MB, Compressed Oops mode: Zero based, Oop shift amount: 3

CDS archive(s) mapped at: [0x0000000000000000-0x0000000000000000-0x0000000000000000), size 0, SharedBaseAddress: 0x0000000800000000, ArchiveRelocationMode: 1.
Narrow klass base: 0x0000000000000000, Narrow klass shift: 0, Narrow klass range: 0x0

GC Precious Log:
<Empty>

Heap:
 garbage-first heap   total 0K, used 0K [0x0000000704400000, 0x0000000800000000)
  region size 2048K, 0 young (0K), 0 survivors (0K)
 Metaspace       used 0K, committed 0K, reserved 0K
  class space    used 0K, committed 0K, reserved 0K

Heap Regions: E=young(eden), S=young(survivor), O=old, HS=humongous(starts), HC=humongous(continues), CS=collection set, F=free, OA=open archive, CA=closed archive, TAMS=top-at-mark-start (previous, next)

Card table byte_map: [0x00000271731d0000,0x00000271739b0000] _byte_map_base: 0x000002716f9ae000

Marking Bits (Prev, Next): (CMBitMap*) 0x000002716e82ff00, (CMBitMap*) 0x000002716e82ff40
 Prev Bits: [0x0000027174190000, 0x0000027178080000)
 Next Bits: [0x0000027178080000, 0x000002717bf70000)

GC Heap History (0 events):
No events

Dll operation events (1 events):
Event: 0.008 Loaded shared library D:\IntelliJ IDEA\IntelliJ IDEA 2024.1.4\jbr\bin\java.dll

Deoptimization events (0 events):
No events

Classes unloaded (0 events):
No events

Classes redefined (0 events):
No events

Internal exceptions (0 events):
No events

VM Operations (0 events):
No events

Events (0 events):
No events


Dynamic libraries:
0x00007ff6a50f0000 - 0x00007ff6a50fa000 	D:\IntelliJ IDEA\IntelliJ IDEA 2024.1.4\jbr\bin\java.exe
0x00007ffda7550000 - 0x00007ffda7767000 	C:\WINDOWS\SYSTEM32\ntdll.dll
0x00007ffda5c40000 - 0x00007ffda5d04000 	C:\WINDOWS\System32\KERNEL32.DLL
0x00007ffda48d0000 - 0x00007ffda4ca1000 	C:\WINDOWS\System32\KERNELBASE.dll
0x00007ffda4690000 - 0x00007ffda47a1000 	C:\WINDOWS\System32\ucrtbase.dll
0x00007ffd78fe0000 - 0x00007ffd78ff7000 	D:\IntelliJ IDEA\IntelliJ IDEA 2024.1.4\jbr\bin\jli.dll
0x00007ffd77f00000 - 0x00007ffd77f1b000 	D:\IntelliJ IDEA\IntelliJ IDEA 2024.1.4\jbr\bin\VCRUNTIME140.dll
0x00007ffda5a80000 - 0x00007ffda5c31000 	C:\WINDOWS\System32\USER32.dll
0x00007ffda4cb0000 - 0x00007ffda4cd6000 	C:\WINDOWS\System32\win32u.dll
0x00007ffda61e0000 - 0x00007ffda6209000 	C:\WINDOWS\System32\GDI32.dll
0x00007ffd84430000 - 0x00007ffd846c2000 	C:\WINDOWS\WinSxS\amd64_microsoft.windows.common-controls_6595b64144ccf1df_6.0.22621.4830_none_270fe7d773858e80\COMCTL32.dll
0x00007ffda47b0000 - 0x00007ffda48cb000 	C:\WINDOWS\System32\gdi32full.dll
0x00007ffda4ce0000 - 0x00007ffda4d7a000 	C:\WINDOWS\System32\msvcp_win.dll
0x00007ffda5230000 - 0x00007ffda52d7000 	C:\WINDOWS\System32\msvcrt.dll
0x00007ffda5520000 - 0x00007ffda5551000 	C:\WINDOWS\System32\IMM32.DLL
0x00007ffd9b1d0000 - 0x00007ffd9b1dc000 	D:\IntelliJ IDEA\IntelliJ IDEA 2024.1.4\jbr\bin\vcruntime140_1.dll
0x00007ffd367f0000 - 0x00007ffd3687d000 	D:\IntelliJ IDEA\IntelliJ IDEA 2024.1.4\jbr\bin\msvcp140.dll
0x00007ffcda650000 - 0x00007ffcdb2d3000 	D:\IntelliJ IDEA\IntelliJ IDEA 2024.1.4\jbr\bin\server\jvm.dll
0x00007ffda65a0000 - 0x00007ffda6651000 	C:\WINDOWS\System32\ADVAPI32.dll
0x00007ffda52e0000 - 0x00007ffda5387000 	C:\WINDOWS\System32\sechost.dll
0x00007ffda4f40000 - 0x00007ffda4f68000 	C:\WINDOWS\System32\bcrypt.dll
0x00007ffda7390000 - 0x00007ffda74a4000 	C:\WINDOWS\System32\RPCRT4.dll
0x00007ffda3540000 - 0x00007ffda358d000 	C:\WINDOWS\SYSTEM32\POWRPROF.dll
0x00007ffd9b160000 - 0x00007ffd9b194000 	C:\WINDOWS\SYSTEM32\WINMM.dll
0x00007ffd8b2e0000 - 0x00007ffd8b2e9000 	C:\WINDOWS\SYSTEM32\WSOCK32.dll
0x00007ffd8d570000 - 0x00007ffd8d57a000 	C:\WINDOWS\SYSTEM32\VERSION.dll
0x00007ffda68a0000 - 0x00007ffda6911000 	C:\WINDOWS\System32\WS2_32.dll
0x00007ffda3520000 - 0x00007ffda3533000 	C:\WINDOWS\SYSTEM32\UMPDC.dll
0x00007ffda37d0000 - 0x00007ffda37e8000 	C:\WINDOWS\SYSTEM32\kernel.appcore.dll
0x00007ffd8d710000 - 0x00007ffd8d71a000 	D:\IntelliJ IDEA\IntelliJ IDEA 2024.1.4\jbr\bin\jimage.dll
0x00007ffda1e40000 - 0x00007ffda2072000 	C:\WINDOWS\SYSTEM32\DBGHELP.DLL
0x00007ffda5570000 - 0x00007ffda5900000 	C:\WINDOWS\System32\combase.dll
0x00007ffda6660000 - 0x00007ffda6737000 	C:\WINDOWS\System32\OLEAUT32.dll
0x00007ffd82710000 - 0x00007ffd82742000 	C:\WINDOWS\SYSTEM32\dbgcore.DLL
0x00007ffda51a0000 - 0x00007ffda521b000 	C:\WINDOWS\System32\bcryptPrimitives.dll
0x00007ffd79000000 - 0x00007ffd79025000 	D:\IntelliJ IDEA\IntelliJ IDEA 2024.1.4\jbr\bin\java.dll

dbghelp: loaded successfully - version: 4.0.5 - missing functions: none
symbol engine: initialized successfully - sym options: 0x614 - pdb path: .;D:\IntelliJ IDEA\IntelliJ IDEA 2024.1.4\jbr\bin;C:\WINDOWS\SYSTEM32;C:\WINDOWS\WinSxS\amd64_microsoft.windows.common-controls_6595b64144ccf1df_6.0.22621.4830_none_270fe7d773858e80;D:\IntelliJ IDEA\IntelliJ IDEA 2024.1.4\jbr\bin\server

VM Arguments:
java_command: git4idea.http.GitAskPassApp Username for 'https://gitee.com': 
java_class_path (initial): D:/IntelliJ IDEA/IntelliJ IDEA 2024.1.4/plugins/vcs-git/lib/git4idea-rt.jar;D:/IntelliJ IDEA/IntelliJ IDEA 2024.1.4/lib/externalProcess-rt.jar
Launcher Type: SUN_STANDARD

[Global flags]
     intx CICompilerCount                          = 12                                        {product} {ergonomic}
     uint ConcGCThreads                            = 4                                         {product} {ergonomic}
     uint G1ConcRefinementThreads                  = 15                                        {product} {ergonomic}
   size_t G1HeapRegionSize                         = 2097152                                   {product} {ergonomic}
    uintx GCDrainStackTargetSize                   = 64                                        {product} {ergonomic}
   size_t InitialHeapSize                          = 264241152                                 {product} {ergonomic}
   size_t MarkStackSize                            = 4194304                                   {product} {ergonomic}
   size_t MaxHeapSize                              = 4223664128                                {product} {ergonomic}
   size_t MinHeapDeltaBytes                        = 2097152                                   {product} {ergonomic}
   size_t MinHeapSize                              = 8388608                                   {product} {ergonomic}
    uintx NonNMethodCodeHeapSize                   = 7602480                                {pd product} {ergonomic}
    uintx NonProfiledCodeHeapSize                  = 122027880                              {pd product} {ergonomic}
    uintx ProfiledCodeHeapSize                     = 122027880                              {pd product} {ergonomic}
    uintx ReservedCodeCacheSize                    = 251658240                              {pd product} {ergonomic}
     bool SegmentedCodeCache                       = true                                      {product} {ergonomic}
   size_t SoftMaxHeapSize                          = 4223664128                             {manageable} {ergonomic}
     bool UseCompressedClassPointers               = true                           {product lp64_product} {ergonomic}
     bool UseCompressedOops                        = true                           {product lp64_product} {ergonomic}
     bool UseG1GC                                  = true                                      {product} {ergonomic}
     bool UseLargePagesIndividualAllocation        = false                                  {pd product} {ergonomic}

Logging:
Log output configuration:
 #0: stdout all=warning uptime,level,tags
 #1: stderr all=off uptime,level,tags

Environment Variables:
JAVA_HOME=C:\Program Files\Java\jdk-11.0.14\
CLASSPATH=C:\Program Files\Java\jdk-11.0.14\\lib\dt.jar,&JAVA_HOME%\lib\tools.jar
PATH=C:\Program Files\Git\mingw64\libexec\git-core;C:\Program Files\Git\mingw64\libexec\git-core;C:\Program Files\Git\mingw64\bin;C:\Program Files\Git\usr\bin;C:\Users\µËŐÔÎ°\bin;C:\Program Files\Common Files\Oracle\Java\javapath;C:\Program Files\VanDyke Software\Clients;D:\VMware\bin;D:\oracle\product\11.2.0\dbhome_1\bin;C:\WINDOWS\system32;C:\WINDOWS;C:\WINDOWS\System32\Wbem;C:\WINDOWS\System32\WindowsPowerShell\v1.0;C:\WINDOWS\System32\OpenSSH;C:\Program Files\Git\cmd;C:\Program Files\Java\jdk-11.0.14\bin;C:\Program Files\Java\jdk-11.0.14\jre\bin;C:\windows\system32;D:\nvm;C:\Program Files\nodejs;C:\Program Files\dotnet;C:\Program Files (x86)\dotnet;C:\Program Files\MySQL\MySQL Server 5.7\bin;D:\ffmpeg\bin;C:\Program Files\Go\bin;D:\python38;D:\python38\Scripts;D:\anaconda3;D:\anaconda3\Scripts;D:\anaconda3\Library\bin;D:\WorkSoftware\Microsoft VS Code\bin;D:\WorkSoftware\xftp7;D:\Î˘ĐĹwebżŞ·˘Őßą¤ľß\dll;D:\workspace\apache-maven-3.6.0-bin\apache-maven-3.6.0\bin;D:\python38\Scripts;D:\python38;C:\Users\µËŐÔÎ°\AppData\Local\Microsoft\WindowsApps;D:\nvm;C:\Program Files\nodejs;C:\Users\µËŐÔÎ°\.dotnet\tools;C:\Users\µËŐÔÎ°\go\bin;C:\Program Files\MySQL\MySQL Server 8.4\bin
USERNAME=deng
DISPLAY=:0.0
LC_ALL=en_US.UTF-8
TERM=cygwin
TMPDIR=C:\Users\µËŐÔÎ°\AppData\Local\Temp
OS=Windows_NT
PROCESSOR_IDENTIFIER=Intel64 Family 6 Model 154 Stepping 3, GenuineIntel
TMP=C:\Users\µËŐÔÎ°\AppData\Local\Temp
TEMP=C:\Users\µËŐÔÎ°\AppData\Local\Temp



Periodic native trim disabled

JNI global refs:
JNI global refs: 0, weak refs: 0

JNI global refs memory usage: 0, weak refs: 0

Process memory usage:
Resident Set Size: 12144K (0% of 16496120K total physical memory with 1551384K free physical memory)

OOME stack traces (most recent first):
Classloader memory used:


---------------  S Y S T E M  ---------------

OS:
 Windows 11 , 64 bit Build 22621 (10.0.22621.4974)
OS uptime: 2 days 8:09 hours

CPU: total 20 (initial active 20) (10 cores per cpu, 2 threads per core) family 6 model 154 stepping 3 microcode 0x42c, cx8, cmov, fxsr, ht, mmx, 3dnowpref, sse, sse2, sse3, ssse3, sse4.1, sse4.2, popcnt, lzcnt, tsc, tscinvbit, avx, avx2, aes, erms, clmul, bmi1, bmi2, adx, sha, fma, vzeroupper, clflush, clflushopt, clwb
Processor Information for processor 0
  Max Mhz: 2300, Current Mhz: 2300, Mhz Limit: 2300
Processor Information for processor 1
  Max Mhz: 2300, Current Mhz: 2300, Mhz Limit: 2300
Processor Information for processor 2
  Max Mhz: 2300, Current Mhz: 2300, Mhz Limit: 2300
Processor Information for processor 3
  Max Mhz: 2300, Current Mhz: 2300, Mhz Limit: 2300
Processor Information for processor 4
  Max Mhz: 2300, Current Mhz: 2300, Mhz Limit: 2300
Processor Information for processor 5
  Max Mhz: 2300, Current Mhz: 2300, Mhz Limit: 2300
Processor Information for processor 6
  Max Mhz: 2300, Current Mhz: 2300, Mhz Limit: 2300
Processor Information for processor 7
  Max Mhz: 2300, Current Mhz: 2300, Mhz Limit: 2300
Processor Information for processor 8
  Max Mhz: 2300, Current Mhz: 2300, Mhz Limit: 2300
Processor Information for processor 9
  Max Mhz: 2300, Current Mhz: 2300, Mhz Limit: 2300
Processor Information for processor 10
  Max Mhz: 2300, Current Mhz: 2300, Mhz Limit: 2300
Processor Information for processor 11
  Max Mhz: 2300, Current Mhz: 2300, Mhz Limit: 2300
Processor Information for processor 12
  Max Mhz: 2300, Current Mhz: 1700, Mhz Limit: 1679
Processor Information for processor 13
  Max Mhz: 2300, Current Mhz: 1700, Mhz Limit: 1679
Processor Information for processor 14
  Max Mhz: 2300, Current Mhz: 1700, Mhz Limit: 1679
Processor Information for processor 15
  Max Mhz: 2300, Current Mhz: 1700, Mhz Limit: 1679
Processor Information for processor 16
  Max Mhz: 2300, Current Mhz: 1700, Mhz Limit: 1679
Processor Information for processor 17
  Max Mhz: 2300, Current Mhz: 1700, Mhz Limit: 1679
Processor Information for processor 18
  Max Mhz: 2300, Current Mhz: 1700, Mhz Limit: 1679
Processor Information for processor 19
  Max Mhz: 2300, Current Mhz: 1700, Mhz Limit: 1679

Memory: 4k page, system-wide physical 16109M (1515M free)
TotalPageFile size 51272M (AvailPageFile size 227M)
current process WorkingSet (physical memory assigned to process): 11M, peak: 11M
current process commit charge ("private bytes"): 75M, peak: 327M

vm_info: OpenJDK 64-Bit Server VM (17.0.11+1-b1207.24) for windows-amd64 JRE (17.0.11+1-b1207.24), built on 2024-05-15 by "builduser" with MS VC++ 16.10 / 16.11 (VS2019)

END.
