#
# There is insufficient memory for the Java Runtime Environment to continue.
# Native memory allocation (malloc) failed to allocate 32744 bytes for ChunkPool::allocate
# Possible reasons:
#   The system is out of physical RAM or swap space
#   The process is running with CompressedOops enabled, and the Java Heap may be blocking the growth of the native heap
# Possible solutions:
#   Reduce memory load on the system
#   Increase physical memory or swap space
#   Check if swap backing store is full
#   Decrease Java heap size (-Xmx/-Xms)
#   Decrease number of Java threads
#   Decrease Java thread stack sizes (-Xss)
#   Set larger code cache with -XX:ReservedCodeCacheSize=
#   JVM is running with Zero Based Compressed Oops mode in which the Java heap is
#     placed in the first 32GB address space. The Java Heap base address is the
#     maximum limit for the native heap growth. Please use -XX:HeapBaseMinAddress
#     to set the Java Heap base and to place the Java Heap above 32GB virtual address.
# This output file may be truncated or incomplete.
#
#  Out of Memory Error (t:/workspace/open/src/hotspot/share/memory/arena.cpp:81), pid=38372, tid=20676
#
# JRE version: Java(TM) SE Runtime Environment (11.0+28) (build 11+28)
# Java VM: Java HotSpot(TM) 64-Bit Server VM (11+28, mixed mode, tiered, compressed oops, g1 gc, windows-amd64)
# No core dump will be written. Minidumps are not enabled by default on client versions of Windows
#

---------------  S U M M A R Y ------------

Command Line: -agentlib:jdwp=transport=dt_socket,address=127.0.0.1:5550,suspend=y,server=n -XX:TieredStopAtLevel=1 -Xverify:none -Dspring.output.ansi.enabled=always -Dcom.sun.management.jmxremote -Dspring.jmx.enabled=true -Dspring.liveBeansView.mbeanDomain -Dspring.application.admin.enabled=true -Dmanagement.endpoints.jmx.exposure.include=* -javaagent:C:\Users\86186\AppData\Local\JetBrains\IntelliJIdea2022.3\captureAgent\debugger-agent.jar -Dfile.encoding=UTF-8 com.mskyeye.trace.CameraTraceApplication

Host: AMD Ryzen 7 4800H with Radeon Graphics         , 16 cores, 15G,  Windows 10 , 64 bit Build 19041 (10.0.19041.3636)
Time: Fri Apr 26 10:15:00 2024 櫓벌깃硫珂쇌 elapsed time: 337 seconds (0d 0h 5m 37s)

---------------  T H R E A D  ---------------

Current thread (0x00000204d5a26000):  VMThread "VM Thread" [stack: 0x0000001226600000,0x0000001226700000] [id=20676] _threads_hazard_ptr=0x00000204de63b6c0

Stack: [0x0000001226600000,0x0000001226700000]
[error occurred during error reporting (printing stack bounds), id 0xc0000005, EXCEPTION_ACCESS_VIOLATION (0xc0000005) at pc=0x00000204b8e50bad]

Native frames: (J=compiled Java code, j=interpreted, Vv=VM code, C=native code)
V  [jvm.dll+0x63c22a]
V  [jvm.dll+0x7797ef]
V  [jvm.dll+0x77adda]
V  [jvm.dll+0x77b3f5]
V  [jvm.dll+0x77b3ab]
V  [jvm.dll+0x63b926]
V  [jvm.dll+0x63bcf8]
C  [ntdll.dll+0xa23af]
C  [ntdll.dll+0x514b4]
C  [ntdll.dll+0xa0ebe]
C  0x00000204b8e50bad

VM_Operation (0x000000122a8f9650): RevokeBias, mode: safepoint, requested by thread 0x00000204dd95e000


---------------  P R O C E S S  ---------------

Threads class SMR info:
_java_thread_list=0x00000204de63b6c0, length=128, elements={
0x00000204d5a4b000, 0x00000204d5a4d800, 0x00000204d5ac7000, 0x00000204d5ac9000,
0x00000204d5aca000, 0x00000204d5acd000, 0x00000204d5a00800, 0x00000204d5d69000,
0x00000204d5d89000, 0x00000204d5d8e000, 0x00000204d5dca800, 0x00000204d670c800,
0x00000204d6c13000, 0x00000204d7146000, 0x00000204d714a000, 0x00000204d7194000,
0x00000204d7196000, 0x00000204d9679000, 0x00000204d967a000, 0x00000204d967a800,
0x00000204d8fb1000, 0x00000204d8fb2000, 0x00000204d8fb2800, 0x00000204d8fb3800,
0x00000204d8fb4800, 0x00000204d8fb5000, 0x00000204d8fb6000, 0x00000204d8fb7000,
0x00000204dd953800, 0x00000204dd951000, 0x00000204dd954000, 0x00000204dd94f000,
0x00000204dd955000, 0x00000204dd952800, 0x00000204dd956000, 0x00000204dd951800,
0x00000204dd950000, 0x00000204dd95a800, 0x00000204dd95a000, 0x00000204dd958000,
0x00000204dd95b800, 0x00000204dd959000, 0x00000204dd95c800, 0x00000204dd957800,
0x00000204dd956800, 0x00000204dd95d000, 0x00000204dd95e000, 0x00000204ddb6e000,
0x00000204ddb74800, 0x00000204ddb72000, 0x00000204ddb6f800, 0x00000204ddb73000,
0x00000204ddb73800, 0x00000204ddb70800, 0x00000204ddb77000, 0x00000204ddb71000,
0x00000204ddb6f000, 0x00000204ddb7b000, 0x00000204ddb76000, 0x00000204ddb78000,
0x00000204ddb79800, 0x00000204ddb78800, 0x00000204ddb7a000, 0x00000204ddb75800,
0x00000204ddb7c000, 0x00000204ddb7c800, 0x00000204dda5f000, 0x00000204dda5a000,
0x00000204dda60800, 0x00000204dda5e000, 0x00000204dda60000, 0x00000204dda5b000,
0x00000204dda5c800, 0x00000204dda5c000, 0x00000204dda5d800, 0x00000204de116000,
0x00000204de116800, 0x00000204de112800, 0x00000204de111800, 0x00000204de113800,
0x00000204de114000, 0x00000204de115000, 0x00000204de111000, 0x00000204de11a000,
0x00000204de11a800, 0x00000204de11b800, 0x00000204de11d000, 0x00000204de119000,
0x00000204de11c800, 0x00000204de118000, 0x00000204de117800, 0x00000204de11e000,
0x00000204de11f800, 0x00000204de11f000, 0x00000204de189000, 0x00000204de186800,
0x00000204de18a000, 0x00000204de188800, 0x00000204de187800, 0x00000204de18a800,
0x00000204de18b800, 0x00000204de186000, 0x00000204de191800, 0x00000204de18c800,
0x00000204de18d000, 0x00000204de193000, 0x00000204de192000, 0x00000204de18f000,
0x00000204de193800, 0x00000204de18f800, 0x00000204de190800, 0x00000204d6738000,
0x00000204d6739800, 0x00000204d6736800, 0x00000204d6738800, 0x00000204d6737000,
0x00000204d673a800, 0x00000204d6735800, 0x00000204d673d000, 0x00000204d673e800,
0x00000204d6740000, 0x00000204d673d800, 0x00000204d673f000, 0x00000204d673c000,
0x00000204d6741000, 0x00000204d673b000, 0x00000204d6741800, 0x00000204d6742800
}

Java Threads: ( => current thread )
  0x00000204d5a4b000 JavaThread "Reference Handler" daemon [_thread_blocked, id=41436, stack(0x0000001226700000,0x0000001226800000)]
  0x00000204d5a4d800 JavaThread "Finalizer" daemon [_thread_blocked, id=16948, stack(0x0000001226800000,0x0000001226900000)]
  0x00000204d5ac7000 JavaThread "Signal Dispatcher" daemon [_thread_blocked, id=41104, stack(0x0000001226900000,0x0000001226a00000)]
  0x00000204d5ac9000 JavaThread "Attach Listener" daemon [_thread_blocked, id=30112, stack(0x0000001226a00000,0x0000001226b00000)]
  0x00000204d5aca000 JavaThread "C1 CompilerThread0" daemon [_thread_blocked, id=39880, stack(0x0000001226b00000,0x0000001226c00000)]
  0x00000204d5acd000 JavaThread "Sweeper thread" daemon [_thread_blocked, id=23056, stack(0x0000001226c00000,0x0000001226d00000)]
  0x00000204d5a00800 JavaThread "Common-Cleaner" daemon [_thread_blocked, id=24052, stack(0x0000001226d00000,0x0000001226e00000)]
  0x00000204d5d69000 JavaThread "JDWP Transport Listener: dt_socket" daemon [_thread_blocked, id=40676, stack(0x0000001226e00000,0x0000001226f00000)]
  0x00000204d5d89000 JavaThread "JDWP Event Helper Thread" daemon [_thread_blocked, id=36596, stack(0x0000001226f00000,0x0000001227000000)]
  0x00000204d5d8e000 JavaThread "JDWP Command Reader" daemon [_thread_in_native, id=25656, stack(0x0000001227000000,0x0000001227100000)]
  0x00000204d5dca800 JavaThread "Service Thread" daemon [_thread_blocked, id=22992, stack(0x0000001227100000,0x0000001227200000)]
  0x00000204d670c800 JavaThread "RMI TCP Accept-0" daemon [_thread_in_native, id=1648, stack(0x0000001227400000,0x0000001227500000)]
  0x00000204d6c13000 JavaThread "RMI Scheduler(0)" daemon [_thread_blocked, id=30152, stack(0x0000001227300000,0x0000001227400000)]
  0x00000204d7146000 JavaThread "Timer-0" daemon [_thread_blocked, id=31484, stack(0x0000001227f00000,0x0000001228000000)]
  0x00000204d714a000 JavaThread "Keep-Alive-Timer" daemon [_thread_blocked, id=27760, stack(0x0000001228100000,0x0000001228200000)]
  0x00000204d7194000 JavaThread "com.alibaba.nacos.client.config.security.updater" daemon [_thread_blocked, id=21964, stack(0x0000001228200000,0x0000001228300000)]
  0x00000204d7196000 JavaThread "com.alibaba.nacos.client.Worker.fixed-192.168.124.89_8848" daemon [_thread_blocked, id=9836, stack(0x0000001228300000,0x0000001228400000)]
  0x00000204d9679000 JavaThread "Catalina-utility-1" [_thread_blocked, id=22836, stack(0x0000001227b00000,0x0000001227c00000)]
  0x00000204d967a000 JavaThread "Catalina-utility-2" [_thread_blocked, id=35140, stack(0x0000001228400000,0x0000001228500000)]
  0x00000204d967a800 JavaThread "container-0" [_thread_blocked, id=37616, stack(0x0000001228500000,0x0000001228600000)]
  0x00000204d8fb1000 JavaThread "mysql-cj-abandoned-connection-cleanup" daemon [_thread_blocked, id=34716, stack(0x0000001228600000,0x0000001228700000)]
  0x00000204d8fb2000 JavaThread "Druid-ConnectionPool-Create-220667244" daemon [_thread_blocked, id=5796, stack(0x0000001228700000,0x0000001228800000)]
  0x00000204d8fb2800 JavaThread "Druid-ConnectionPool-Destroy-220667244" daemon [_thread_blocked, id=26100, stack(0x0000001228800000,0x0000001228900000)]
  0x00000204d8fb3800 JavaThread "lettuce-nioEventLoop-4-1" daemon [_thread_in_native, id=33160, stack(0x0000001228d00000,0x0000001228e00000)]
  0x00000204d8fb4800 JavaThread "lettuce-nioEventLoop-4-2" daemon [_thread_in_native, id=16612, stack(0x0000001228e00000,0x0000001228f00000)]
  0x00000204d8fb5000 JavaThread "lettuce-eventExecutorLoop-1-1" daemon [_thread_blocked, id=27564, stack(0x0000001228f00000,0x0000001229000000)]
  0x00000204d8fb6000 JavaThread "spring.cloud.inetutils" daemon [_thread_blocked, id=32276, stack(0x0000001227200000,0x0000001227300000)]
  0x00000204d8fb7000 JavaThread "com.alibaba.nacos.naming.client.listener" daemon [_thread_blocked, id=41008, stack(0x0000001227e00000,0x0000001227f00000)]
  0x00000204dd953800 JavaThread "com.alibaba.nacos.client.naming.updater" daemon [_thread_blocked, id=21604, stack(0x0000001229000000,0x0000001229100000)]
  0x00000204dd951000 JavaThread "com.alibaba.nacos.client.naming.updater" daemon [_thread_blocked, id=6496, stack(0x0000001229100000,0x0000001229200000)]
  0x00000204dd954000 JavaThread "com.alibaba.nacos.naming.failover" daemon [_thread_blocked, id=2188, stack(0x0000001229200000,0x0000001229300000)]
  0x00000204dd94f000 JavaThread "com.alibaba.nacos.naming.push.receiver" daemon [_thread_in_native, id=21236, stack(0x0000001229300000,0x0000001229400000)]
  0x00000204dd955000 JavaThread "scheduling-1" [_thread_blocked, id=32740, stack(0x0000001229a00000,0x0000001229b00000)]
  0x00000204dd952800 JavaThread "http-nio-9982-BlockPoller" daemon [_thread_in_native, id=3000, stack(0x0000001229b00000,0x0000001229c00000)]
  0x00000204dd956000 JavaThread "http-nio-9982-exec-1" daemon [_thread_blocked, id=8928, stack(0x0000001229c00000,0x0000001229d00000)]
  0x00000204dd951800 JavaThread "http-nio-9982-exec-2" daemon [_thread_blocked, id=25040, stack(0x0000001229d00000,0x0000001229e00000)]
  0x00000204dd950000 JavaThread "http-nio-9982-exec-3" daemon [_thread_blocked, id=12668, stack(0x0000001229e00000,0x0000001229f00000)]
  0x00000204dd95a800 JavaThread "http-nio-9982-exec-4" daemon [_thread_blocked, id=39444, stack(0x0000001229f00000,0x000000122a000000)]
  0x00000204dd95a000 JavaThread "http-nio-9982-exec-5" daemon [_thread_blocked, id=21340, stack(0x000000122a000000,0x000000122a100000)]
  0x00000204dd958000 JavaThread "http-nio-9982-exec-6" daemon [_thread_blocked, id=33008, stack(0x000000122a100000,0x000000122a200000)]
  0x00000204dd95b800 JavaThread "http-nio-9982-exec-7" daemon [_thread_blocked, id=31656, stack(0x000000122a200000,0x000000122a300000)]
  0x00000204dd959000 JavaThread "http-nio-9982-exec-8" daemon [_thread_blocked, id=38188, stack(0x000000122a300000,0x000000122a400000)]
  0x00000204dd95c800 JavaThread "http-nio-9982-exec-9" daemon [_thread_blocked, id=28792, stack(0x000000122a400000,0x000000122a500000)]
  0x00000204dd957800 JavaThread "http-nio-9982-exec-10" daemon [_thread_blocked, id=19576, stack(0x000000122a500000,0x000000122a600000)]
  0x00000204dd956800 JavaThread "http-nio-9982-ClientPoller" daemon [_thread_in_native, id=29708, stack(0x000000122a600000,0x000000122a700000)]
  0x00000204dd95d000 JavaThread "http-nio-9982-Acceptor" daemon [_thread_in_native, id=8844, stack(0x000000122a700000,0x000000122a800000)]
  0x00000204dd95e000 JavaThread "com.alibaba.nacos.naming.beat.sender" daemon [_thread_blocked, id=34756, stack(0x000000122a800000,0x000000122a900000)]
  0x00000204ddb6e000 JavaThread "lettuce-eventExecutorLoop-1-2" daemon [_thread_blocked, id=23852, stack(0x0000001229500000,0x0000001229600000)]
  0x00000204ddb74800 JavaThread "task-1" [_thread_blocked, id=37820, stack(0x0000001229600000,0x0000001229700000)]
  0x00000204ddb72000 JavaThread "task-2" [_thread_blocked, id=33484, stack(0x0000001229700000,0x0000001229800000)]
  0x00000204ddb6f800 JavaThread "task-3" [_thread_blocked, id=31340, stack(0x0000001229800000,0x0000001229900000)]
  0x00000204ddb73000 JavaThread "task-4" [_thread_in_native, id=38952, stack(0x0000001229900000,0x0000001229a00000)]
  0x00000204ddb73800 JavaThread "lettuce-eventExecutorLoop-1-3" daemon [_thread_blocked, id=25488, stack(0x000000122a900000,0x000000122aa00000)]
  0x00000204ddb70800 JavaThread "AMQP Connection 192.168.124.89:5672" [_thread_blocked, id=16588, stack(0x000000122aa00000,0x000000122ab00000)]
  0x00000204ddb77000 JavaThread "pool-3-thread-2" [_thread_blocked, id=17472, stack(0x000000122ac00000,0x000000122ad00000)]
  0x00000204ddb71000 JavaThread "task-5" [_thread_blocked, id=16920, stack(0x000000122ab00000,0x000000122ac00000)]
  0x00000204ddb6f000 JavaThread "task-6" [_thread_blocked, id=38036, stack(0x000000122ad00000,0x000000122ae00000)]
  0x00000204ddb7b000 JavaThread "JNA Cleaner" daemon [_thread_blocked, id=28284, stack(0x000000122b500000,0x000000122b600000)]
  0x00000204ddb76000 JavaThread "task-7" [_thread_blocked, id=20464, stack(0x000000122f620000,0x000000122f720000)]
  0x00000204ddb78000 JavaThread "task-8" [_thread_blocked, id=35996, stack(0x000000122f720000,0x000000122f820000)]
  0x00000204ddb79800 JavaThread "lettuce-eventExecutorLoop-1-4" daemon [_thread_blocked, id=24496, stack(0x000000122f820000,0x000000122f920000)]
  0x00000204ddb78800 JavaThread "pool-3-thread-3" [_thread_blocked, id=40424, stack(0x000000122f920000,0x000000122fa20000)]
  0x00000204ddb7a000 JavaThread "pool-3-thread-4" [_thread_blocked, id=36724, stack(0x000000122fa20000,0x000000122fb20000)]
  0x00000204ddb75800 JavaThread "com.alibaba.nacos.client.Worker.longPolling.fixed-192.168.124.89_8848" daemon [_thread_blocked, id=9120, stack(0x000000122fb20000,0x000000122fc20000)]
  0x00000204ddb7c000 JavaThread "DestroyJavaVM" [_thread_blocked, id=26988, stack(0x0000001226000000,0x0000001226100000)]
  0x00000204ddb7c800 JavaThread "com.alibaba.nacos.client.Worker.longPolling.fixed-192.168.124.89_8848" daemon [_thread_blocked, id=32688, stack(0x000000122fc20000,0x000000122fd20000)]
  0x00000204dda5f000 JavaThread "com.alibaba.nacos.client.Worker.longPolling.fixed-192.168.124.89_8848" daemon [_thread_blocked, id=31712, stack(0x000000122fd20000,0x000000122fe20000)]
  0x00000204dda5a000 JavaThread "pool-3-thread-5" [_thread_blocked, id=37576, stack(0x000000122fe20000,0x000000122ff20000)]
  0x00000204dda60800 JavaThread "pool-3-thread-6" [_thread_blocked, id=27576, stack(0x000000122ff20000,0x0000001230020000)]
  0x00000204dda5e000 JavaThread "lettuce-eventExecutorLoop-1-5" daemon [_thread_blocked, id=9856, stack(0x0000001230020000,0x0000001230120000)]
  0x00000204dda60000 JavaThread "pool-3-thread-7" [_thread_blocked, id=3752, stack(0x0000001230220000,0x0000001230320000)]
  0x00000204dda5b000 JavaThread "pool-3-thread-8" [_thread_blocked, id=24516, stack(0x0000001230320000,0x0000001230420000)]
  0x00000204dda5c800 JavaThread "pool-3-thread-9" [_thread_blocked, id=35860, stack(0x0000001230420000,0x0000001230520000)]
  0x00000204dda5c000 JavaThread "pool-3-thread-10" [_thread_blocked, id=33172, stack(0x0000001230520000,0x0000001230620000)]
  0x00000204dda5d800 JavaThread "pool-3-thread-11" [_thread_blocked, id=34216, stack(0x0000001230620000,0x0000001230720000)]
  0x00000204de116000 JavaThread "pool-3-thread-12" [_thread_blocked, id=41972, stack(0x0000001230720000,0x0000001230820000)]
  0x00000204de116800 JavaThread "pool-3-thread-13" [_thread_blocked, id=15392, stack(0x0000001230820000,0x0000001230920000)]
  0x00000204de112800 JavaThread "pool-3-thread-14" [_thread_blocked, id=23192, stack(0x0000001230920000,0x0000001230a20000)]
  0x00000204de111800 JavaThread "pool-3-thread-15" [_thread_blocked, id=37972, stack(0x0000001230a20000,0x0000001230b20000)]
  0x00000204de113800 JavaThread "pool-3-thread-16" [_thread_blocked, id=3916, stack(0x0000001230b20000,0x0000001230c20000)]
  0x00000204de114000 JavaThread "pool-3-thread-17" [_thread_blocked, id=328, stack(0x0000001230c20000,0x0000001230d20000)]
  0x00000204de115000 JavaThread "pool-3-thread-18" [_thread_blocked, id=26172, stack(0x0000001230d20000,0x0000001230e20000)]
  0x00000204de111000 JavaThread "pool-3-thread-19" [_thread_blocked, id=31980, stack(0x0000001230e20000,0x0000001230f20000)]
  0x00000204de11a000 JavaThread "pool-3-thread-20" [_thread_blocked, id=30744, stack(0x0000001230f20000,0x0000001231020000)]
  0x00000204de11a800 JavaThread "pool-3-thread-21" [_thread_blocked, id=24064, stack(0x0000001231020000,0x0000001231120000)]
  0x00000204de11b800 JavaThread "pool-3-thread-22" [_thread_blocked, id=41220, stack(0x0000001231120000,0x0000001231220000)]
  0x00000204de11d000 JavaThread "pool-3-thread-23" [_thread_blocked, id=25540, stack(0x0000001231220000,0x0000001231320000)]
  0x00000204de119000 JavaThread "pool-3-thread-24" [_thread_blocked, id=19268, stack(0x0000001231320000,0x0000001231420000)]
  0x00000204de11c800 JavaThread "pool-3-thread-25" [_thread_blocked, id=20936, stack(0x0000001231420000,0x0000001231520000)]
  0x00000204de118000 JavaThread "pool-3-thread-26" [_thread_blocked, id=41416, stack(0x0000001231520000,0x0000001231620000)]
  0x00000204de117800 JavaThread "pool-3-thread-27" [_thread_blocked, id=41584, stack(0x0000001231620000,0x0000001231720000)]
  0x00000204de11e000 JavaThread "pool-3-thread-28" [_thread_blocked, id=5132, stack(0x0000001231720000,0x0000001231820000)]
  0x00000204de11f800 JavaThread "pool-3-thread-29" [_thread_blocked, id=41800, stack(0x0000001231820000,0x0000001231920000)]
  0x00000204de11f000 JavaThread "pool-3-thread-30" [_thread_blocked, id=14644, stack(0x0000001231920000,0x0000001231a20000)]
  0x00000204de189000 JavaThread "pool-3-thread-31" [_thread_blocked, id=32564, stack(0x0000001231a20000,0x0000001231b20000)]
  0x00000204de186800 JavaThread "pool-3-thread-32" [_thread_blocked, id=30660, stack(0x0000001231b20000,0x0000001231c20000)]
  0x00000204de18a000 JavaThread "pool-3-thread-33" [_thread_blocked, id=7820, stack(0x0000001231e20000,0x0000001231f20000)]
  0x00000204de188800 JavaThread "pool-3-thread-34" [_thread_blocked, id=19396, stack(0x0000001231f20000,0x0000001232020000)]
  0x00000204de187800 JavaThread "lettuce-eventExecutorLoop-1-6" daemon [_thread_blocked, id=33228, stack(0x0000001232020000,0x0000001232120000)]
  0x00000204de18a800 JavaThread "lettuce-eventExecutorLoop-1-7" daemon [_thread_blocked, id=29804, stack(0x0000001231d20000,0x0000001231e20000)]
  0x00000204de18b800 JavaThread "lettuce-eventExecutorLoop-1-8" daemon [_thread_blocked, id=33012, stack(0x0000001232340000,0x0000001232440000)]
  0x00000204de186000 JavaThread "lettuce-eventExecutorLoop-1-9" daemon [_thread_blocked, id=11736, stack(0x0000001232440000,0x0000001232540000)]
  0x00000204de191800 JavaThread "lettuce-eventExecutorLoop-1-10" daemon [_thread_blocked, id=41124, stack(0x0000001232540000,0x0000001232640000)]
  0x00000204de18c800 JavaThread "lettuce-eventExecutorLoop-1-11" daemon [_thread_blocked, id=20388, stack(0x0000001232640000,0x0000001232740000)]
  0x00000204de18d000 JavaThread "lettuce-eventExecutorLoop-1-12" daemon [_thread_blocked, id=21176, stack(0x0000001232740000,0x0000001232840000)]
  0x00000204de193000 JavaThread "com.alibaba.nacos.naming.beat.sender" daemon [_thread_blocked, id=12440, stack(0x0000001232840000,0x0000001232940000)]
  0x00000204de192000 JavaThread "lettuce-eventExecutorLoop-1-13" daemon [_thread_blocked, id=35228, stack(0x0000001232940000,0x0000001232a40000)]
  0x00000204de18f000 JavaThread "lettuce-eventExecutorLoop-1-14" daemon [_thread_blocked, id=34224, stack(0x0000001232c40000,0x0000001232d40000)]
  0x00000204de193800 JavaThread "lettuce-eventExecutorLoop-1-15" daemon [_thread_blocked, id=21920, stack(0x0000001232b40000,0x0000001232c40000)]
  0x00000204de18f800 JavaThread "lettuce-eventExecutorLoop-1-16" daemon [_thread_blocked, id=28540, stack(0x0000001232d40000,0x0000001232e40000)]
  0x00000204de190800 JavaThread "com.alibaba.nacos.naming.beat.sender" daemon [_thread_blocked, id=41844, stack(0x0000001232e40000,0x0000001232f40000)]
  0x00000204d6738000 JavaThread "com.alibaba.nacos.naming.beat.sender" daemon [_thread_blocked, id=41548, stack(0x0000001233140000,0x0000001233240000)]
  0x00000204d6739800 JavaThread "com.alibaba.nacos.naming.beat.sender" daemon [_thread_blocked, id=26976, stack(0x0000001233240000,0x0000001233340000)]
  0x00000204d6736800 JavaThread "com.alibaba.nacos.naming.beat.sender" daemon [_thread_blocked, id=37012, stack(0x0000001233340000,0x0000001233440000)]
  0x00000204d6738800 JavaThread "com.alibaba.nacos.naming.beat.sender" daemon [_thread_blocked, id=39132, stack(0x0000001233440000,0x0000001233540000)]
  0x00000204d6737000 JavaThread "com.alibaba.nacos.client.Worker.longPolling.fixed-192.168.124.89_8848" daemon [_thread_blocked, id=32040, stack(0x0000001233540000,0x0000001233640000)]
  0x00000204d673a800 JavaThread "com.alibaba.nacos.naming.beat.sender" daemon [_thread_blocked, id=16748, stack(0x0000001233680000,0x0000001233780000)]
  0x00000204d6735800 JavaThread "com.alibaba.nacos.client.Worker.longPolling.fixed-192.168.124.89_8848" daemon [_thread_blocked, id=39168, stack(0x0000001225d00000,0x0000001225e00000)]
  0x00000204d673d000 JavaThread "nioEventLoopGroup-5-1" [_thread_in_native, id=27176, stack(0x0000001225e20000,0x0000001225f20000)]
  0x00000204d673e800 JavaThread "nioEventLoopGroup-6-1" [_thread_blocked, id=38320, stack(0x0000001229400000,0x0000001229500000)]
  0x00000204d6740000 JavaThread "com.alibaba.nacos.client.Worker.longPolling.fixed-192.168.124.89_8848" daemon [_thread_blocked, id=41344, stack(0x0000001228c00000,0x0000001228d00000)]
  0x00000204d673d800 JavaThread "com.alibaba.nacos.client.Worker.longPolling.fixed-192.168.124.89_8848" daemon [_thread_in_native, id=41860, stack(0x0000001227a00000,0x0000001227b00000)]
  0x00000204d673f000 JavaThread "com.alibaba.nacos.client.Worker.longPolling.fixed-192.168.124.89_8848" daemon [_thread_blocked, id=2492, stack(0x0000001230120000,0x0000001230220000)]
  0x00000204d673c000 JavaThread "com.alibaba.nacos.client.Worker.longPolling.fixed-192.168.124.89_8848" daemon [_thread_blocked, id=37416, stack(0x0000001232240000,0x0000001232340000)]
  0x00000204d6741000 JavaThread "com.alibaba.nacos.client.Worker.longPolling.fixed-192.168.124.89_8848" daemon [_thread_blocked, id=33860, stack(0x0000001232a40000,0x0000001232b40000)]
  0x00000204d673b000 JavaThread "com.alibaba.nacos.client.Worker.longPolling.fixed-192.168.124.89_8848" daemon [_thread_blocked, id=27192, stack(0x0000001232f40000,0x0000001233040000)]
  0x00000204d6741800 JavaThread "com.alibaba.nacos.client.Worker.longPolling.fixed-192.168.124.89_8848" daemon [_thread_blocked, id=40124, stack(0x0000001234680000,0x0000001234780000)]
  0x00000204d6742800 JavaThread "com.alibaba.nacos.client.Worker.longPolling.fixed-192.168.124.89_8848" daemon [_thread_blocked, id=3076, stack(0x0000001233c00000,0x0000001233d00000)]

Other Threads:
=>0x00000204d5a26000 VMThread "VM Thread" [stack: 0x0000001226600000,0x0000001226700000] [id=20676] _threads_hazard_ptr=0x00000204de63b6c0
  0x00000204d6747800 WatcherThread [stack: 0x0000001227500000,0x0000001227600000] [id=1836]
  0x00000204b0798000 GCTaskThread "GC Thread#0" [stack: 0x0000001226100000,0x0000001226200000] [id=33188]
  0x00000204d688b000 GCTaskThread "GC Thread#1" [stack: 0x0000001227600000,0x0000001227700000] [id=38932]
  0x00000204d68ae000 GCTaskThread "GC Thread#2" [stack: 0x0000001227700000,0x0000001227800000] [id=27884]
  0x00000204d68af800 GCTaskThread "GC Thread#3" [stack: 0x0000001227800000,0x0000001227900000] [id=33344]
  0x00000204d68b1800 GCTaskThread "GC Thread#4" [stack: 0x0000001227900000,0x0000001227a00000] [id=15876]
  0x00000204d9166000 GCTaskThread "GC Thread#5" [stack: 0x0000001228900000,0x0000001228a00000] [id=29032]
  0x00000204d9169800 GCTaskThread "GC Thread#6" [stack: 0x0000001228a00000,0x0000001228b00000] [id=16280]
  0x00000204d9173000 GCTaskThread "GC Thread#7" [stack: 0x0000001228b00000,0x0000001228c00000] [id=22004]
  0x00000204ddd2b000 GCTaskThread "GC Thread#8" [stack: 0x000000122ae00000,0x000000122af00000] [id=24672]
  0x00000204ddd26000 GCTaskThread "GC Thread#9" [stack: 0x000000122af00000,0x000000122b000000] [id=33572]
  0x00000204ddc11800 GCTaskThread "GC Thread#10" [stack: 0x000000122b000000,0x000000122b100000] [id=37804]
  0x00000204ddc12800 GCTaskThread "GC Thread#11" [stack: 0x000000122b100000,0x000000122b200000] [id=30548]
  0x00000204ddc13800 GCTaskThread "GC Thread#12" [stack: 0x000000122b200000,0x000000122b300000] [id=35152]
  0x00000204b07f2000 ConcurrentGCThread "G1 Main Marker" [stack: 0x0000001226200000,0x0000001226300000] [id=2416]
  0x00000204b07f3800 ConcurrentGCThread "G1 Conc#0" [stack: 0x0000001226300000,0x0000001226400000] [id=11764]
  0x00000204d68ba000 ConcurrentGCThread "G1 Conc#1" [stack: 0x0000001227c00000,0x0000001227d00000] [id=40940]
  0x00000204d6da5000 ConcurrentGCThread "G1 Conc#2" [stack: 0x0000001227d00000,0x0000001227e00000] [id=15688]
  0x00000204d490c000 ConcurrentGCThread "G1 Refine#0" [stack: 0x0000001226400000,0x0000001226500000] [id=37836]
  0x00000204ddc14800 ConcurrentGCThread "G1 Refine#1" [stack: 0x000000122b300000,0x000000122b400000] [id=31864]
  0x00000204ddd74800 ConcurrentGCThread "G1 Refine#2" [stack: 0x000000122b400000,0x000000122b500000] [id=16436]
  0x00000204d490d000 ConcurrentGCThread "G1 Young RemSet Sampling" [stack: 0x0000001226500000,0x0000001226600000] [id=25628]

Threads with active compile tasks:

VM state:at safepoint (normal execution)

VM Mutex/Monitor currently owned by a thread:  ([mutex/lock_event])
[0x00000204b077ffa0] Threads_lock - owner thread: 0x00000204d5a26000

Heap address: 0x000000070a200000, size: 3934 MB, Compressed Oops mode: Zero based, Oop shift amount: 3
Narrow klass base: 0x0000000800000000, Narrow klass shift: 0
Compressed class space size: 1073741824 Address: 0x0000000800000000

Heap:
 garbage-first heap   total 251904K, used 105889K [0x000000070a200000, 0x0000000800000000)
  region size 1024K, 52 young (53248K), 17 survivors (17408K)
 Metaspace       used 81369K, capacity 84307K, committed 84656K, reserved 1122304K
  class space    used 9787K, capacity 10903K, committed 11008K, reserved 1048576K
Heap Regions: E=young(eden), S=young(survivor), O=old, HS=humongous(starts), HC=humongous(continues), CS=collection set, F=free, A=archive, TAMS=top-at-mark-start (previous, next)
|   0|0x000000070a200000, 0x000000070a300000, 0x000000070a300000|100%| O|  |TAMS 0x000000070a300000, 0x000000070a200000| Untracked 
|   1|0x000000070a300000, 0x000000070a400000, 0x000000070a400000|100%| O|  |TAMS 0x000000070a400000, 0x000000070a300000| Untracked 
|   2|0x000000070a400000, 0x000000070a500000, 0x000000070a500000|100%| O|  |TAMS 0x000000070a500000, 0x000000070a400000| Untracked 
|   3|0x000000070a500000, 0x000000070a600000, 0x000000070a600000|100%| O|  |TAMS 0x000000070a600000, 0x000000070a500000| Untracked 
|   4|0x000000070a600000, 0x000000070a700000, 0x000000070a700000|100%| O|  |TAMS 0x000000070a700000, 0x000000070a600000| Untracked 
|   5|0x000000070a700000, 0x000000070a800000, 0x000000070a800000|100%| O|  |TAMS 0x000000070a800000, 0x000000070a700000| Untracked 
|   6|0x000000070a800000, 0x000000070a900000, 0x000000070a900000|100%| O|  |TAMS 0x000000070a900000, 0x000000070a800000| Untracked 
|   7|0x000000070a900000, 0x000000070aa00000, 0x000000070aa00000|100%| O|  |TAMS 0x000000070aa00000, 0x000000070a900000| Untracked 
|   8|0x000000070aa00000, 0x000000070ab00000, 0x000000070ab00000|100%| O|  |TAMS 0x000000070ab00000, 0x000000070aa00000| Untracked 
|   9|0x000000070ab00000, 0x000000070ac00000, 0x000000070ac00000|100%| O|  |TAMS 0x000000070ac00000, 0x000000070ab00000| Untracked 
|  10|0x000000070ac00000, 0x000000070ad00000, 0x000000070ad00000|100%| O|  |TAMS 0x000000070ad00000, 0x000000070ac00000| Untracked 
|  11|0x000000070ad00000, 0x000000070ae00000, 0x000000070ae00000|100%| O|  |TAMS 0x000000070ae00000, 0x000000070ad00000| Untracked 
|  12|0x000000070ae00000, 0x000000070af00000, 0x000000070af00000|100%| O|  |TAMS 0x000000070af00000, 0x000000070ae00000| Untracked 
|  13|0x000000070af00000, 0x000000070b000000, 0x000000070b000000|100%| O|  |TAMS 0x000000070b000000, 0x000000070af00000| Untracked 
|  14|0x000000070b000000, 0x000000070b100000, 0x000000070b100000|100%| O|  |TAMS 0x000000070b100000, 0x000000070b000000| Untracked 
|  15|0x000000070b100000, 0x000000070b200000, 0x000000070b200000|100%| O|  |TAMS 0x000000070b200000, 0x000000070b100000| Untracked 
|  16|0x000000070b200000, 0x000000070b300000, 0x000000070b300000|100%| O|  |TAMS 0x000000070b300000, 0x000000070b200000| Untracked 
|  17|0x000000070b300000, 0x000000070b400000, 0x000000070b400000|100%| O|  |TAMS 0x000000070b400000, 0x000000070b300000| Untracked 
|  18|0x000000070b400000, 0x000000070b500000, 0x000000070b500000|100%| O|  |TAMS 0x000000070b500000, 0x000000070b400000| Untracked 
|  19|0x000000070b500000, 0x000000070b600000, 0x000000070b600000|100%| O|  |TAMS 0x000000070b600000, 0x000000070b500000| Untracked 
|  20|0x000000070b600000, 0x000000070b700000, 0x000000070b700000|100%| O|  |TAMS 0x000000070b6dc400, 0x000000070b600000| Untracked 
|  21|0x000000070b700000, 0x000000070b800000, 0x000000070b800000|100%| O|  |TAMS 0x000000070b700000, 0x000000070b700000| Untracked 
|  22|0x000000070b800000, 0x000000070b900000, 0x000000070b900000|100%| O|  |TAMS 0x000000070b800000, 0x000000070b800000| Untracked 
|  23|0x000000070b900000, 0x000000070ba00000, 0x000000070ba00000|100%| O|  |TAMS 0x000000070b900000, 0x000000070b900000| Untracked 
|  24|0x000000070ba00000, 0x000000070bb00000, 0x000000070bb00000|100%| O|  |TAMS 0x000000070ba00000, 0x000000070ba00000| Untracked 
|  25|0x000000070bb00000, 0x000000070bc00000, 0x000000070bc00000|100%| O|  |TAMS 0x000000070bb00000, 0x000000070bb00000| Untracked 
|  26|0x000000070bc00000, 0x000000070bd00000, 0x000000070bd00000|100%| O|  |TAMS 0x000000070bc00000, 0x000000070bc00000| Untracked 
|  27|0x000000070bd00000, 0x000000070be00000, 0x000000070be00000|100%| O|  |TAMS 0x000000070bd00000, 0x000000070bd00000| Untracked 
|  28|0x000000070be00000, 0x000000070bf00000, 0x000000070bf00000|100%| O|  |TAMS 0x000000070be00000, 0x000000070be00000| Untracked 
|  29|0x000000070bf00000, 0x000000070c000000, 0x000000070c000000|100%| O|  |TAMS 0x000000070bf00000, 0x000000070bf00000| Untracked 
|  30|0x000000070c000000, 0x000000070c100000, 0x000000070c100000|100%| O|  |TAMS 0x000000070c000000, 0x000000070c000000| Untracked 
|  31|0x000000070c100000, 0x000000070c200000, 0x000000070c200000|100%| O|  |TAMS 0x000000070c100000, 0x000000070c100000| Untracked 
|  32|0x000000070c200000, 0x000000070c300000, 0x000000070c300000|100%| O|  |TAMS 0x000000070c200000, 0x000000070c200000| Untracked 
|  33|0x000000070c300000, 0x000000070c400000, 0x000000070c400000|100%| O|  |TAMS 0x000000070c300000, 0x000000070c300000| Untracked 
|  34|0x000000070c400000, 0x000000070c500000, 0x000000070c500000|100%| O|  |TAMS 0x000000070c400000, 0x000000070c400000| Untracked 
|  35|0x000000070c500000, 0x000000070c600000, 0x000000070c600000|100%| O|  |TAMS 0x000000070c500000, 0x000000070c500000| Untracked 
|  36|0x000000070c600000, 0x000000070c700000, 0x000000070c700000|100%| O|  |TAMS 0x000000070c600000, 0x000000070c600000| Untracked 
|  37|0x000000070c700000, 0x000000070c800000, 0x000000070c800000|100%| O|  |TAMS 0x000000070c700000, 0x000000070c700000| Untracked 
|  38|0x000000070c800000, 0x000000070c900000, 0x000000070c900000|100%| O|  |TAMS 0x000000070c800000, 0x000000070c800000| Untracked 
|  39|0x000000070c900000, 0x000000070ca00000, 0x000000070ca00000|100%| O|  |TAMS 0x000000070c900000, 0x000000070c900000| Untracked 
|  40|0x000000070ca00000, 0x000000070cb00000, 0x000000070cb00000|100%| O|  |TAMS 0x000000070ca00000, 0x000000070ca00000| Untracked 
|  41|0x000000070cb00000, 0x000000070cc00000, 0x000000070cc00000|100%| O|  |TAMS 0x000000070cb00000, 0x000000070cb00000| Untracked 
|  42|0x000000070cc00000, 0x000000070cd00000, 0x000000070cd00000|100%| O|  |TAMS 0x000000070cc00000, 0x000000070cc00000| Untracked 
|  43|0x000000070cd00000, 0x000000070ce00000, 0x000000070ce00000|100%| O|  |TAMS 0x000000070cd00000, 0x000000070cd00000| Untracked 
|  44|0x000000070ce00000, 0x000000070cf00000, 0x000000070cf00000|100%| O|  |TAMS 0x000000070ce00000, 0x000000070ce00000| Untracked 
|  45|0x000000070cf00000, 0x000000070d000000, 0x000000070d000000|100%| O|  |TAMS 0x000000070cf00000, 0x000000070cf00000| Untracked 
|  46|0x000000070d000000, 0x000000070d100000, 0x000000070d100000|100%| O|  |TAMS 0x000000070d000000, 0x000000070d000000| Untracked 
|  47|0x000000070d100000, 0x000000070d200000, 0x000000070d200000|100%| O|  |TAMS 0x000000070d100000, 0x000000070d100000| Untracked 
|  48|0x000000070d200000, 0x000000070d300000, 0x000000070d300000|100%| O|  |TAMS 0x000000070d200000, 0x000000070d200000| Untracked 
|  49|0x000000070d300000, 0x000000070d400000, 0x000000070d400000|100%| O|  |TAMS 0x000000070d300000, 0x000000070d300000| Untracked 
|  50|0x000000070d400000, 0x000000070d500000, 0x000000070d500000|100%| O|  |TAMS 0x000000070d400000, 0x000000070d400000| Untracked 
|  51|0x000000070d500000, 0x000000070d600000, 0x000000070d600000|100%| O|  |TAMS 0x000000070d500000, 0x000000070d500000| Untracked 
|  52|0x000000070d600000, 0x000000070d668600, 0x000000070d700000| 40%| O|  |TAMS 0x000000070d600000, 0x000000070d600000| Untracked 
|  53|0x000000070d700000, 0x000000070d700000, 0x000000070d800000|  0%| F|  |TAMS 0x000000070d700000, 0x000000070d700000| Untracked 
|  54|0x000000070d800000, 0x000000070d800000, 0x000000070d900000|  0%| F|  |TAMS 0x000000070d800000, 0x000000070d800000| Untracked 
|  55|0x000000070d900000, 0x000000070d900000, 0x000000070da00000|  0%| F|  |TAMS 0x000000070d900000, 0x000000070d900000| Untracked 
|  56|0x000000070da00000, 0x000000070da00000, 0x000000070db00000|  0%| F|  |TAMS 0x000000070da00000, 0x000000070da00000| Untracked 
|  57|0x000000070db00000, 0x000000070db00000, 0x000000070dc00000|  0%| F|  |TAMS 0x000000070db00000, 0x000000070db00000| Untracked 
|  58|0x000000070dc00000, 0x000000070dc00000, 0x000000070dd00000|  0%| F|  |TAMS 0x000000070dc00000, 0x000000070dc00000| Untracked 
|  59|0x000000070dd00000, 0x000000070dd00000, 0x000000070de00000|  0%| F|  |TAMS 0x000000070dd00000, 0x000000070dd00000| Untracked 
|  60|0x000000070de00000, 0x000000070de00000, 0x000000070df00000|  0%| F|  |TAMS 0x000000070de00000, 0x000000070de00000| Untracked 
|  61|0x000000070df00000, 0x000000070df00000, 0x000000070e000000|  0%| F|  |TAMS 0x000000070df00000, 0x000000070df00000| Untracked 
|  62|0x000000070e000000, 0x000000070e000000, 0x000000070e100000|  0%| F|  |TAMS 0x000000070e000000, 0x000000070e000000| Untracked 
|  63|0x000000070e100000, 0x000000070e100000, 0x000000070e200000|  0%| F|  |TAMS 0x000000070e100000, 0x000000070e100000| Untracked 
|  64|0x000000070e200000, 0x000000070e200000, 0x000000070e300000|  0%| F|  |TAMS 0x000000070e200000, 0x000000070e200000| Untracked 
|  65|0x000000070e300000, 0x000000070e300000, 0x000000070e400000|  0%| F|  |TAMS 0x000000070e300000, 0x000000070e300000| Untracked 
|  66|0x000000070e400000, 0x000000070e400000, 0x000000070e500000|  0%| F|  |TAMS 0x000000070e400000, 0x000000070e400000| Untracked 
|  67|0x000000070e500000, 0x000000070e500000, 0x000000070e600000|  0%| F|  |TAMS 0x000000070e500000, 0x000000070e500000| Untracked 
|  68|0x000000070e600000, 0x000000070e600000, 0x000000070e700000|  0%| F|  |TAMS 0x000000070e600000, 0x000000070e600000| Untracked 
|  69|0x000000070e700000, 0x000000070e700000, 0x000000070e800000|  0%| F|  |TAMS 0x000000070e700000, 0x000000070e700000| Untracked 
|  70|0x000000070e800000, 0x000000070e800000, 0x000000070e900000|  0%| F|  |TAMS 0x000000070e800000, 0x000000070e800000| Untracked 
|  71|0x000000070e900000, 0x000000070e900000, 0x000000070ea00000|  0%| F|  |TAMS 0x000000070e900000, 0x000000070e900000| Untracked 
|  72|0x000000070ea00000, 0x000000070ea00000, 0x000000070eb00000|  0%| F|  |TAMS 0x000000070ea00000, 0x000000070ea00000| Untracked 
|  73|0x000000070eb00000, 0x000000070eb00000, 0x000000070ec00000|  0%| F|  |TAMS 0x000000070eb00000, 0x000000070eb00000| Untracked 
|  74|0x000000070ec00000, 0x000000070ec00000, 0x000000070ed00000|  0%| F|  |TAMS 0x000000070ec00000, 0x000000070ec00000| Untracked 
|  75|0x000000070ed00000, 0x000000070ed00000, 0x000000070ee00000|  0%| F|  |TAMS 0x000000070ed00000, 0x000000070ed00000| Untracked 
|  76|0x000000070ee00000, 0x000000070ee00000, 0x000000070ef00000|  0%| F|  |TAMS 0x000000070ee00000, 0x000000070ee00000| Untracked 
|  77|0x000000070ef00000, 0x000000070ef00000, 0x000000070f000000|  0%| F|  |TAMS 0x000000070ef00000, 0x000000070ef00000| Untracked 
|  78|0x000000070f000000, 0x000000070f000000, 0x000000070f100000|  0%| F|  |TAMS 0x000000070f000000, 0x000000070f000000| Untracked 
|  79|0x000000070f100000, 0x000000070f100000, 0x000000070f200000|  0%| F|  |TAMS 0x000000070f100000, 0x000000070f100000| Untracked 
|  80|0x000000070f200000, 0x000000070f200000, 0x000000070f300000|  0%| F|  |TAMS 0x000000070f200000, 0x000000070f200000| Untracked 
|  81|0x000000070f300000, 0x000000070f300000, 0x000000070f400000|  0%| F|  |TAMS 0x000000070f300000, 0x000000070f300000| Untracked 
|  82|0x000000070f400000, 0x000000070f400000, 0x000000070f500000|  0%| F|  |TAMS 0x000000070f400000, 0x000000070f400000| Untracked 
|  83|0x000000070f500000, 0x000000070f500000, 0x000000070f600000|  0%| F|  |TAMS 0x000000070f500000, 0x000000070f500000| Untracked 
|  84|0x000000070f600000, 0x000000070f600000, 0x000000070f700000|  0%| F|  |TAMS 0x000000070f600000, 0x000000070f600000| Untracked 
|  85|0x000000070f700000, 0x000000070f700000, 0x000000070f800000|  0%| F|  |TAMS 0x000000070f700000, 0x000000070f700000| Untracked 
|  86|0x000000070f800000, 0x000000070f800000, 0x000000070f900000|  0%| F|  |TAMS 0x000000070f800000, 0x000000070f800000| Untracked 
|  87|0x000000070f900000, 0x000000070f900000, 0x000000070fa00000|  0%| F|  |TAMS 0x000000070f900000, 0x000000070f900000| Untracked 
|  88|0x000000070fa00000, 0x000000070fa00000, 0x000000070fb00000|  0%| F|  |TAMS 0x000000070fa00000, 0x000000070fa00000| Untracked 
|  89|0x000000070fb00000, 0x000000070fb00000, 0x000000070fc00000|  0%| F|  |TAMS 0x000000070fb00000, 0x000000070fb00000| Untracked 
|  90|0x000000070fc00000, 0x000000070fc00000, 0x000000070fd00000|  0%| F|  |TAMS 0x000000070fc00000, 0x000000070fc00000| Untracked 
|  91|0x000000070fd00000, 0x000000070fd00000, 0x000000070fe00000|  0%| F|  |TAMS 0x000000070fd00000, 0x000000070fd00000| Untracked 
|  92|0x000000070fe00000, 0x000000070fe00000, 0x000000070ff00000|  0%| F|  |TAMS 0x000000070fe00000, 0x000000070fe00000| Untracked 
|  93|0x000000070ff00000, 0x000000070ff00000, 0x0000000710000000|  0%| F|  |TAMS 0x000000070ff00000, 0x000000070ff00000| Untracked 
|  94|0x0000000710000000, 0x0000000710000000, 0x0000000710100000|  0%| F|  |TAMS 0x0000000710000000, 0x0000000710000000| Untracked 
|  95|0x0000000710100000, 0x0000000710100000, 0x0000000710200000|  0%| F|  |TAMS 0x0000000710100000, 0x0000000710100000| Untracked 
|  96|0x0000000710200000, 0x0000000710200000, 0x0000000710300000|  0%| F|  |TAMS 0x0000000710200000, 0x0000000710200000| Untracked 
|  97|0x0000000710300000, 0x0000000710300000, 0x0000000710400000|  0%| F|  |TAMS 0x0000000710300000, 0x0000000710300000| Untracked 
|  98|0x0000000710400000, 0x0000000710400000, 0x0000000710500000|  0%| F|  |TAMS 0x0000000710400000, 0x0000000710400000| Untracked 
|  99|0x0000000710500000, 0x0000000710500000, 0x0000000710600000|  0%| F|  |TAMS 0x0000000710500000, 0x0000000710500000| Untracked 
| 100|0x0000000710600000, 0x0000000710600000, 0x0000000710700000|  0%| F|  |TAMS 0x0000000710600000, 0x0000000710600000| Untracked 
| 101|0x0000000710700000, 0x0000000710700000, 0x0000000710800000|  0%| F|  |TAMS 0x0000000710700000, 0x0000000710700000| Untracked 
| 102|0x0000000710800000, 0x0000000710800000, 0x0000000710900000|  0%| F|  |TAMS 0x0000000710800000, 0x0000000710800000| Untracked 
| 103|0x0000000710900000, 0x0000000710900000, 0x0000000710a00000|  0%| F|  |TAMS 0x0000000710900000, 0x0000000710900000| Untracked 
| 104|0x0000000710a00000, 0x0000000710a00000, 0x0000000710b00000|  0%| F|  |TAMS 0x0000000710a00000, 0x0000000710a00000| Untracked 
| 105|0x0000000710b00000, 0x0000000710b00000, 0x0000000710c00000|  0%| F|  |TAMS 0x0000000710b00000, 0x0000000710b00000| Untracked 
| 106|0x0000000710c00000, 0x0000000710c00000, 0x0000000710d00000|  0%| F|  |TAMS 0x0000000710c00000, 0x0000000710c00000| Untracked 
| 107|0x0000000710d00000, 0x0000000710d00000, 0x0000000710e00000|  0%| F|  |TAMS 0x0000000710d00000, 0x0000000710d00000| Untracked 
| 108|0x0000000710e00000, 0x0000000710e00000, 0x0000000710f00000|  0%| F|  |TAMS 0x0000000710e00000, 0x0000000710e00000| Untracked 
| 109|0x0000000710f00000, 0x0000000710f00000, 0x0000000711000000|  0%| F|  |TAMS 0x0000000710f00000, 0x0000000710f00000| Untracked 
| 110|0x0000000711000000, 0x0000000711000000, 0x0000000711100000|  0%| F|  |TAMS 0x0000000711000000, 0x0000000711000000| Untracked 
| 111|0x0000000711100000, 0x0000000711200000, 0x0000000711200000|100%| S|CS|TAMS 0x0000000711100000, 0x0000000711100000| Complete 
| 112|0x0000000711200000, 0x0000000711300000, 0x0000000711300000|100%| S|CS|TAMS 0x0000000711200000, 0x0000000711200000| Complete 
| 113|0x0000000711300000, 0x0000000711400000, 0x0000000711400000|100%| S|CS|TAMS 0x0000000711300000, 0x0000000711300000| Complete 
| 114|0x0000000711400000, 0x0000000711500000, 0x0000000711500000|100%| S|CS|TAMS 0x0000000711400000, 0x0000000711400000| Complete 
| 115|0x0000000711500000, 0x0000000711600000, 0x0000000711600000|100%| S|CS|TAMS 0x0000000711500000, 0x0000000711500000| Complete 
| 116|0x0000000711600000, 0x0000000711600000, 0x0000000711700000|  0%| F|  |TAMS 0x0000000711600000, 0x0000000711600000| Untracked 
| 117|0x0000000711700000, 0x0000000711700000, 0x0000000711800000|  0%| F|  |TAMS 0x0000000711700000, 0x0000000711700000| Untracked 
| 118|0x0000000711800000, 0x0000000711800000, 0x0000000711900000|  0%| F|  |TAMS 0x0000000711800000, 0x0000000711800000| Untracked 
| 119|0x0000000711900000, 0x0000000711900000, 0x0000000711a00000|  0%| F|  |TAMS 0x0000000711900000, 0x0000000711900000| Untracked 
| 120|0x0000000711a00000, 0x0000000711a00000, 0x0000000711b00000|  0%| F|  |TAMS 0x0000000711a00000, 0x0000000711a00000| Untracked 
| 121|0x0000000711b00000, 0x0000000711b00000, 0x0000000711c00000|  0%| F|  |TAMS 0x0000000711b00000, 0x0000000711b00000| Untracked 
| 122|0x0000000711c00000, 0x0000000711d00000, 0x0000000711d00000|100%| S|CS|TAMS 0x0000000711c00000, 0x0000000711c00000| Complete 
| 123|0x0000000711d00000, 0x0000000711e00000, 0x0000000711e00000|100%| S|CS|TAMS 0x0000000711d00000, 0x0000000711d00000| Complete 
| 124|0x0000000711e00000, 0x0000000711f00000, 0x0000000711f00000|100%| S|CS|TAMS 0x0000000711e00000, 0x0000000711e00000| Complete 
| 125|0x0000000711f00000, 0x0000000712000000, 0x0000000712000000|100%| S|CS|TAMS 0x0000000711f00000, 0x0000000711f00000| Complete 
| 126|0x0000000712000000, 0x0000000712100000, 0x0000000712100000|100%| S|CS|TAMS 0x0000000712000000, 0x0000000712000000| Complete 
| 127|0x0000000712100000, 0x0000000712200000, 0x0000000712200000|100%| S|CS|TAMS 0x0000000712100000, 0x0000000712100000| Complete 
| 128|0x0000000712200000, 0x0000000712300000, 0x0000000712300000|100%| S|CS|TAMS 0x0000000712200000, 0x0000000712200000| Complete 
| 129|0x0000000712300000, 0x0000000712400000, 0x0000000712400000|100%| S|CS|TAMS 0x0000000712300000, 0x0000000712300000| Complete 
| 130|0x0000000712400000, 0x0000000712500000, 0x0000000712500000|100%| S|CS|TAMS 0x0000000712400000, 0x0000000712400000| Complete 
| 131|0x0000000712500000, 0x0000000712600000, 0x0000000712600000|100%| S|CS|TAMS 0x0000000712500000, 0x0000000712500000| Complete 
| 132|0x0000000712600000, 0x0000000712700000, 0x0000000712700000|100%| S|CS|TAMS 0x0000000712600000, 0x0000000712600000| Complete 
| 133|0x0000000712700000, 0x0000000712800000, 0x0000000712800000|100%| S|CS|TAMS 0x0000000712700000, 0x0000000712700000| Complete 
| 134|0x0000000712800000, 0x0000000712800000, 0x0000000712900000|  0%| F|  |TAMS 0x0000000712800000, 0x0000000712800000| Untracked 
| 135|0x0000000712900000, 0x0000000712900000, 0x0000000712a00000|  0%| F|  |TAMS 0x0000000712900000, 0x0000000712900000| Untracked 
| 136|0x0000000712a00000, 0x0000000712a00000, 0x0000000712b00000|  0%| F|  |TAMS 0x0000000712a00000, 0x0000000712a00000| Untracked 
| 137|0x0000000712b00000, 0x0000000712b00000, 0x0000000712c00000|  0%| F|  |TAMS 0x0000000712b00000, 0x0000000712b00000| Untracked 
| 138|0x0000000712c00000, 0x0000000712c00000, 0x0000000712d00000|  0%| F|  |TAMS 0x0000000712c00000, 0x0000000712c00000| Untracked 
| 139|0x0000000712d00000, 0x0000000712d00000, 0x0000000712e00000|  0%| F|  |TAMS 0x0000000712d00000, 0x0000000712d00000| Untracked 
| 140|0x0000000712e00000, 0x0000000712e00000, 0x0000000712f00000|  0%| F|  |TAMS 0x0000000712e00000, 0x0000000712e00000| Untracked 
| 141|0x0000000712f00000, 0x0000000712f00000, 0x0000000713000000|  0%| F|  |TAMS 0x0000000712f00000, 0x0000000712f00000| Untracked 
| 142|0x0000000713000000, 0x0000000713000000, 0x0000000713100000|  0%| F|  |TAMS 0x0000000713000000, 0x0000000713000000| Untracked 
| 143|0x0000000713100000, 0x0000000713100000, 0x0000000713200000|  0%| F|  |TAMS 0x0000000713100000, 0x0000000713100000| Untracked 
| 144|0x0000000713200000, 0x0000000713200000, 0x0000000713300000|  0%| F|  |TAMS 0x0000000713200000, 0x0000000713200000| Untracked 
| 145|0x0000000713300000, 0x0000000713300000, 0x0000000713400000|  0%| F|  |TAMS 0x0000000713300000, 0x0000000713300000| Untracked 
| 146|0x0000000713400000, 0x0000000713400000, 0x0000000713500000|  0%| F|  |TAMS 0x0000000713400000, 0x0000000713400000| Untracked 
| 147|0x0000000713500000, 0x0000000713500000, 0x0000000713600000|  0%| F|  |TAMS 0x0000000713500000, 0x0000000713500000| Untracked 
| 148|0x0000000713600000, 0x0000000713600000, 0x0000000713700000|  0%| F|  |TAMS 0x0000000713600000, 0x0000000713600000| Untracked 
| 149|0x0000000713700000, 0x0000000713700000, 0x0000000713800000|  0%| F|  |TAMS 0x0000000713700000, 0x0000000713700000| Untracked 
| 150|0x0000000713800000, 0x0000000713800000, 0x0000000713900000|  0%| F|  |TAMS 0x0000000713800000, 0x0000000713800000| Untracked 
| 151|0x0000000713900000, 0x0000000713900000, 0x0000000713a00000|  0%| F|  |TAMS 0x0000000713900000, 0x0000000713900000| Untracked 
| 152|0x0000000713a00000, 0x0000000713a00000, 0x0000000713b00000|  0%| F|  |TAMS 0x0000000713a00000, 0x0000000713a00000| Untracked 
| 153|0x0000000713b00000, 0x0000000713b00000, 0x0000000713c00000|  0%| F|  |TAMS 0x0000000713b00000, 0x0000000713b00000| Untracked 
| 154|0x0000000713c00000, 0x0000000713c00000, 0x0000000713d00000|  0%| F|  |TAMS 0x0000000713c00000, 0x0000000713c00000| Untracked 
| 155|0x0000000713d00000, 0x0000000713d00000, 0x0000000713e00000|  0%| F|  |TAMS 0x0000000713d00000, 0x0000000713d00000| Untracked 
| 156|0x0000000713e00000, 0x0000000713e00000, 0x0000000713f00000|  0%| F|  |TAMS 0x0000000713e00000, 0x0000000713e00000| Untracked 
| 157|0x0000000713f00000, 0x0000000713f00000, 0x0000000714000000|  0%| F|  |TAMS 0x0000000713f00000, 0x0000000713f00000| Untracked 
| 158|0x0000000714000000, 0x0000000714000000, 0x0000000714100000|  0%| F|  |TAMS 0x0000000714000000, 0x0000000714000000| Untracked 
| 159|0x0000000714100000, 0x0000000714100000, 0x0000000714200000|  0%| F|  |TAMS 0x0000000714100000, 0x0000000714100000| Untracked 
| 160|0x0000000714200000, 0x0000000714200000, 0x0000000714300000|  0%| F|  |TAMS 0x0000000714200000, 0x0000000714200000| Untracked 
| 161|0x0000000714300000, 0x0000000714300000, 0x0000000714400000|  0%| F|  |TAMS 0x0000000714300000, 0x0000000714300000| Untracked 
| 162|0x0000000714400000, 0x0000000714400000, 0x0000000714500000|  0%| F|  |TAMS 0x0000000714400000, 0x0000000714400000| Untracked 
| 163|0x0000000714500000, 0x0000000714500000, 0x0000000714600000|  0%| F|  |TAMS 0x0000000714500000, 0x0000000714500000| Untracked 
| 164|0x0000000714600000, 0x0000000714600000, 0x0000000714700000|  0%| F|  |TAMS 0x0000000714600000, 0x0000000714600000| Untracked 
| 165|0x0000000714700000, 0x0000000714700000, 0x0000000714800000|  0%| F|  |TAMS 0x0000000714700000, 0x0000000714700000| Untracked 
| 166|0x0000000714800000, 0x0000000714800000, 0x0000000714900000|  0%| F|  |TAMS 0x0000000714800000, 0x0000000714800000| Untracked 
| 167|0x0000000714900000, 0x0000000714900000, 0x0000000714a00000|  0%| F|  |TAMS 0x0000000714900000, 0x0000000714900000| Untracked 
| 168|0x0000000714a00000, 0x0000000714a00000, 0x0000000714b00000|  0%| F|  |TAMS 0x0000000714a00000, 0x0000000714a00000| Untracked 
| 169|0x0000000714b00000, 0x0000000714b00000, 0x0000000714c00000|  0%| F|  |TAMS 0x0000000714b00000, 0x0000000714b00000| Untracked 
| 170|0x0000000714c00000, 0x0000000714c00000, 0x0000000714d00000|  0%| F|  |TAMS 0x0000000714c00000, 0x0000000714c00000| Untracked 
| 171|0x0000000714d00000, 0x0000000714d00000, 0x0000000714e00000|  0%| F|  |TAMS 0x0000000714d00000, 0x0000000714d00000| Untracked 
| 172|0x0000000714e00000, 0x0000000714e00000, 0x0000000714f00000|  0%| F|  |TAMS 0x0000000714e00000, 0x0000000714e00000| Untracked 
| 173|0x0000000714f00000, 0x0000000714f00000, 0x0000000715000000|  0%| F|  |TAMS 0x0000000714f00000, 0x0000000714f00000| Untracked 
| 174|0x0000000715000000, 0x0000000715000000, 0x0000000715100000|  0%| F|  |TAMS 0x0000000715000000, 0x0000000715000000| Untracked 
| 175|0x0000000715100000, 0x0000000715100000, 0x0000000715200000|  0%| F|  |TAMS 0x0000000715100000, 0x0000000715100000| Untracked 
| 176|0x0000000715200000, 0x0000000715200000, 0x0000000715300000|  0%| F|  |TAMS 0x0000000715200000, 0x0000000715200000| Untracked 
| 177|0x0000000715300000, 0x0000000715300000, 0x0000000715400000|  0%| F|  |TAMS 0x0000000715300000, 0x0000000715300000| Untracked 
| 178|0x0000000715400000, 0x0000000715400000, 0x0000000715500000|  0%| F|  |TAMS 0x0000000715400000, 0x0000000715400000| Untracked 
| 179|0x0000000715500000, 0x0000000715500000, 0x0000000715600000|  0%| F|  |TAMS 0x0000000715500000, 0x0000000715500000| Untracked 
| 180|0x0000000715600000, 0x0000000715600000, 0x0000000715700000|  0%| F|  |TAMS 0x0000000715600000, 0x0000000715600000| Untracked 
| 181|0x0000000715700000, 0x0000000715700000, 0x0000000715800000|  0%| F|  |TAMS 0x0000000715700000, 0x0000000715700000| Untracked 
| 182|0x0000000715800000, 0x0000000715800000, 0x0000000715900000|  0%| F|  |TAMS 0x0000000715800000, 0x0000000715800000| Untracked 
| 183|0x0000000715900000, 0x0000000715900000, 0x0000000715a00000|  0%| F|  |TAMS 0x0000000715900000, 0x0000000715900000| Untracked 
| 184|0x0000000715a00000, 0x0000000715a00000, 0x0000000715b00000|  0%| F|  |TAMS 0x0000000715a00000, 0x0000000715a00000| Untracked 
| 185|0x0000000715b00000, 0x0000000715b00000, 0x0000000715c00000|  0%| F|  |TAMS 0x0000000715b00000, 0x0000000715b00000| Untracked 
| 186|0x0000000715c00000, 0x0000000715c00000, 0x0000000715d00000|  0%| F|  |TAMS 0x0000000715c00000, 0x0000000715c00000| Untracked 
| 187|0x0000000715d00000, 0x0000000715d00000, 0x0000000715e00000|  0%| F|  |TAMS 0x0000000715d00000, 0x0000000715d00000| Untracked 
| 188|0x0000000715e00000, 0x0000000715e00000, 0x0000000715f00000|  0%| F|  |TAMS 0x0000000715e00000, 0x0000000715e00000| Untracked 
| 189|0x0000000715f00000, 0x0000000715f00000, 0x0000000716000000|  0%| F|  |TAMS 0x0000000715f00000, 0x0000000715f00000| Untracked 
| 190|0x0000000716000000, 0x0000000716000000, 0x0000000716100000|  0%| F|  |TAMS 0x0000000716000000, 0x0000000716000000| Untracked 
| 191|0x0000000716100000, 0x0000000716100000, 0x0000000716200000|  0%| F|  |TAMS 0x0000000716100000, 0x0000000716100000| Untracked 
| 192|0x0000000716200000, 0x0000000716200000, 0x0000000716300000|  0%| F|  |TAMS 0x0000000716200000, 0x0000000716200000| Untracked 
| 193|0x0000000716300000, 0x0000000716300000, 0x0000000716400000|  0%| F|  |TAMS 0x0000000716300000, 0x0000000716300000| Untracked 
| 194|0x0000000716400000, 0x0000000716400000, 0x0000000716500000|  0%| F|  |TAMS 0x0000000716400000, 0x0000000716400000| Untracked 
| 195|0x0000000716500000, 0x0000000716500000, 0x0000000716600000|  0%| F|  |TAMS 0x0000000716500000, 0x0000000716500000| Untracked 
| 196|0x0000000716600000, 0x0000000716600000, 0x0000000716700000|  0%| F|  |TAMS 0x0000000716600000, 0x0000000716600000| Untracked 
| 197|0x0000000716700000, 0x0000000716700000, 0x0000000716800000|  0%| F|  |TAMS 0x0000000716700000, 0x0000000716700000| Untracked 
| 198|0x0000000716800000, 0x0000000716800000, 0x0000000716900000|  0%| F|  |TAMS 0x0000000716800000, 0x0000000716800000| Untracked 
| 199|0x0000000716900000, 0x0000000716900000, 0x0000000716a00000|  0%| F|  |TAMS 0x0000000716900000, 0x0000000716900000| Untracked 
| 200|0x0000000716a00000, 0x0000000716a00000, 0x0000000716b00000|  0%| F|  |TAMS 0x0000000716a00000, 0x0000000716a00000| Untracked 
| 201|0x0000000716b00000, 0x0000000716b00000, 0x0000000716c00000|  0%| F|  |TAMS 0x0000000716b00000, 0x0000000716b00000| Untracked 
| 202|0x0000000716c00000, 0x0000000716c00000, 0x0000000716d00000|  0%| F|  |TAMS 0x0000000716c00000, 0x0000000716c00000| Untracked 
| 203|0x0000000716d00000, 0x0000000716d00000, 0x0000000716e00000|  0%| F|  |TAMS 0x0000000716d00000, 0x0000000716d00000| Untracked 
| 204|0x0000000716e00000, 0x0000000716e00000, 0x0000000716f00000|  0%| F|  |TAMS 0x0000000716e00000, 0x0000000716e00000| Untracked 
| 205|0x0000000716f00000, 0x0000000716f00000, 0x0000000717000000|  0%| F|  |TAMS 0x0000000716f00000, 0x0000000716f00000| Untracked 
| 206|0x0000000717000000, 0x0000000717000000, 0x0000000717100000|  0%| F|  |TAMS 0x0000000717000000, 0x0000000717000000| Untracked 
| 207|0x0000000717100000, 0x0000000717100000, 0x0000000717200000|  0%| F|  |TAMS 0x0000000717100000, 0x0000000717100000| Untracked 
| 208|0x0000000717200000, 0x0000000717200000, 0x0000000717300000|  0%| F|  |TAMS 0x0000000717200000, 0x0000000717200000| Untracked 
| 209|0x0000000717300000, 0x0000000717300000, 0x0000000717400000|  0%| F|  |TAMS 0x0000000717300000, 0x0000000717300000| Untracked 
| 210|0x0000000717400000, 0x0000000717400000, 0x0000000717500000|  0%| F|  |TAMS 0x0000000717400000, 0x0000000717400000| Untracked 
| 211|0x0000000717500000, 0x00000007175f0548, 0x0000000717600000| 93%| E|  |TAMS 0x0000000717500000, 0x0000000717500000| Complete 
| 212|0x0000000717600000, 0x0000000717700000, 0x0000000717700000|100%| E|CS|TAMS 0x0000000717600000, 0x0000000717600000| Complete 
| 213|0x0000000717700000, 0x0000000717800000, 0x0000000717800000|100%| E|CS|TAMS 0x0000000717700000, 0x0000000717700000| Complete 
| 214|0x0000000717800000, 0x0000000717900000, 0x0000000717900000|100%| E|CS|TAMS 0x0000000717800000, 0x0000000717800000| Complete 
| 215|0x0000000717900000, 0x0000000717a00000, 0x0000000717a00000|100%| E|CS|TAMS 0x0000000717900000, 0x0000000717900000| Complete 
| 216|0x0000000717a00000, 0x0000000717b00000, 0x0000000717b00000|100%| E|CS|TAMS 0x0000000717a00000, 0x0000000717a00000| Complete 
| 217|0x0000000717b00000, 0x0000000717c00000, 0x0000000717c00000|100%| E|CS|TAMS 0x0000000717b00000, 0x0000000717b00000| Complete 
| 218|0x0000000717c00000, 0x0000000717d00000, 0x0000000717d00000|100%| E|CS|TAMS 0x0000000717c00000, 0x0000000717c00000| Complete 
| 219|0x0000000717d00000, 0x0000000717e00000, 0x0000000717e00000|100%| E|CS|TAMS 0x0000000717d00000, 0x0000000717d00000| Complete 
| 220|0x0000000717e00000, 0x0000000717f00000, 0x0000000717f00000|100%| E|CS|TAMS 0x0000000717e00000, 0x0000000717e00000| Complete 
| 221|0x0000000717f00000, 0x0000000718000000, 0x0000000718000000|100%| E|CS|TAMS 0x0000000717f00000, 0x0000000717f00000| Complete 
| 222|0x0000000718000000, 0x0000000718100000, 0x0000000718100000|100%| E|CS|TAMS 0x0000000718000000, 0x0000000718000000| Complete 
| 223|0x0000000718100000, 0x0000000718200000, 0x0000000718200000|100%| E|CS|TAMS 0x0000000718100000, 0x0000000718100000| Complete 
| 224|0x0000000718200000, 0x0000000718300000, 0x0000000718300000|100%| E|CS|TAMS 0x0000000718200000, 0x0000000718200000| Complete 
| 225|0x0000000718300000, 0x0000000718400000, 0x0000000718400000|100%| E|CS|TAMS 0x0000000718300000, 0x0000000718300000| Complete 
| 226|0x0000000718400000, 0x0000000718500000, 0x0000000718500000|100%| E|CS|TAMS 0x0000000718400000, 0x0000000718400000| Complete 
| 227|0x0000000718500000, 0x0000000718600000, 0x0000000718600000|100%| E|CS|TAMS 0x0000000718500000, 0x0000000718500000| Complete 
| 228|0x0000000718600000, 0x0000000718700000, 0x0000000718700000|100%| E|CS|TAMS 0x0000000718600000, 0x0000000718600000| Complete 
| 229|0x0000000718700000, 0x0000000718800000, 0x0000000718800000|100%| E|CS|TAMS 0x0000000718700000, 0x0000000718700000| Complete 
| 230|0x0000000718800000, 0x0000000718900000, 0x0000000718900000|100%| E|CS|TAMS 0x0000000718800000, 0x0000000718800000| Complete 
| 231|0x0000000718900000, 0x0000000718a00000, 0x0000000718a00000|100%| E|CS|TAMS 0x0000000718900000, 0x0000000718900000| Complete 
| 232|0x0000000718a00000, 0x0000000718b00000, 0x0000000718b00000|100%| E|CS|TAMS 0x0000000718a00000, 0x0000000718a00000| Complete 
| 233|0x0000000718b00000, 0x0000000718c00000, 0x0000000718c00000|100%| E|CS|TAMS 0x0000000718b00000, 0x0000000718b00000| Complete 
| 234|0x0000000718c00000, 0x0000000718d00000, 0x0000000718d00000|100%| E|CS|TAMS 0x0000000718c00000, 0x0000000718c00000| Complete 
| 235|0x0000000718d00000, 0x0000000718e00000, 0x0000000718e00000|100%| E|CS|TAMS 0x0000000718d00000, 0x0000000718d00000| Complete 
| 236|0x0000000718e00000, 0x0000000718f00000, 0x0000000718f00000|100%| E|CS|TAMS 0x0000000718e00000, 0x0000000718e00000| Complete 
| 237|0x0000000718f00000, 0x0000000719000000, 0x0000000719000000|100%| E|CS|TAMS 0x0000000718f00000, 0x0000000718f00000| Complete 
| 238|0x0000000719000000, 0x0000000719100000, 0x0000000719100000|100%| E|CS|TAMS 0x0000000719000000, 0x0000000719000000| Complete 
| 239|0x0000000719100000, 0x0000000719200000, 0x0000000719200000|100%| E|CS|TAMS 0x0000000719100000, 0x0000000719100000| Complete 
| 240|0x0000000719200000, 0x0000000719300000, 0x0000000719300000|100%| E|CS|TAMS 0x0000000719200000, 0x0000000719200000| Complete 
| 241|0x0000000719300000, 0x0000000719400000, 0x0000000719400000|100%| E|CS|TAMS 0x0000000719300000, 0x0000000719300000| Complete 
| 242|0x0000000719400000, 0x0000000719500000, 0x0000000719500000|100%| E|CS|TAMS 0x0000000719400000, 0x0000000719400000| Complete 
| 243|0x0000000719500000, 0x0000000719600000, 0x0000000719600000|100%| E|CS|TAMS 0x0000000719500000, 0x0000000719500000| Complete 
| 244|0x0000000719600000, 0x0000000719700000, 0x0000000719700000|100%| E|CS|TAMS 0x0000000719600000, 0x0000000719600000| Complete 
| 245|0x0000000719700000, 0x0000000719800000, 0x0000000719800000|100%| E|CS|TAMS 0x0000000719700000, 0x0000000719700000| Complete 

Card table byte_map: [0x00000204c95c0000,0x00000204c9d70000] _byte_map_base: 0x00000204c5d6f000

Marking Bits (Prev, Next): (CMBitMap*) 0x00000204b07e1dd0, (CMBitMap*) 0x00000204b07e1d98
 Prev Bits: [0x00000204ce2a0000, 0x00000204d2018000)
 Next Bits: [0x00000204ca520000, 0x00000204ce298000)

Polling page: 0x00000204aef10000

Metaspace:

Usage:
  Non-class:     71.68 MB capacity,    69.90 MB ( 98%) used,     1.44 MB (  2%) free+waste,   347.56 KB ( <1%) overhead. 
      Class:     10.65 MB capacity,     9.56 MB ( 90%) used,   951.63 KB (  9%) free+waste,   164.31 KB (  2%) overhead. 
       Both:     82.33 MB capacity,    79.46 MB ( 97%) used,     2.37 MB (  3%) free+waste,   511.88 KB ( <1%) overhead. 

Virtual space:
  Non-class space:       72.00 MB reserved,      71.92 MB (>99%) committed 
      Class space:        1.00 GB reserved,      10.75 MB (  1%) committed 
             Both:        1.07 GB reserved,      82.67 MB (  8%) committed 

Chunk freelists:
   Non-Class:  0 bytes
       Class:  1.13 KB
        Both:  1.13 KB

CodeHeap 'non-profiled nmethods': size=233856Kb used=21544Kb max_used=21544Kb free=212311Kb
 bounds [0x00000204b99f0000, 0x00000204baf00000, 0x00000204c7e50000]
CodeHeap 'non-nmethods': size=11904Kb used=1437Kb max_used=5381Kb free=10466Kb
 bounds [0x00000204b8e50000, 0x00000204b93f0000, 0x00000204b99f0000]
 total_blobs=11886 nmethods=10861 adapters=687
 compilation: enabled
              stopped_count=0, restarted_count=0
 full_count=0

Compilation events (10 events):
Event: 322.829 Thread 0x00000204d5aca000 11062  s    1       sun.net.www.MessageHeader::setIfNotSet (15 bytes)
Event: 322.829 Thread 0x00000204d5aca000 nmethod 11062 0x00000204baef8f10 code [0x00000204baef9100, 0x00000204baef9800]
Event: 322.834 Thread 0x00000204d5aca000 11063       1       sun.net.www.http.ChunkedInputStream::readAhead (45 bytes)
Event: 322.834 Thread 0x00000204d5aca000 nmethod 11063 0x00000204baef9b90 code [0x00000204baef9d60, 0x00000204baef9f20]
Event: 329.068 Thread 0x00000204d5aca000 11064       1       org.apache.catalina.valves.ValveBase::backgroundProcess (1 bytes)
Event: 329.068 Thread 0x00000204d5aca000 nmethod 11064 0x00000204baefa010 code [0x00000204baefa1c0, 0x00000204baefa2d8]
Event: 333.442 Thread 0x00000204d5aca000 11065       1       com.fasterxml.jackson.databind.type.TypeBindings::size (6 bytes)
Event: 333.442 Thread 0x00000204d5aca000 nmethod 11065 0x00000204baefa390 code [0x00000204baefa540, 0x00000204baefa658]
Event: 333.442 Thread 0x00000204d5aca000 11066       1       com.fasterxml.jackson.databind.type.MapLikeType::isContainerType (2 bytes)
Event: 333.442 Thread 0x00000204d5aca000 nmethod 11066 0x00000204baefa710 code [0x00000204baefa8c0, 0x00000204baefa9d8]

GC Heap History (10 events):
Event: 253.771 GC heap before
{Heap before GC invocations=22 (full 0):
 garbage-first heap   total 251904K, used 182375K [0x000000070a200000, 0x0000000800000000)
  region size 1024K, 129 young (132096K), 17 survivors (17408K)
 Metaspace       used 81353K, capacity 84283K, committed 84400K, reserved 1122304K
  class space    used 9784K, capacity 10899K, committed 11008K, reserved 1048576K
}
Event: 253.778 GC heap after
{Heap after GC invocations=23 (full 0):
 garbage-first heap   total 251904K, used 69114K [0x000000070a200000, 0x0000000800000000)
  region size 1024K, 17 young (17408K), 17 survivors (17408K)
 Metaspace       used 81353K, capacity 84283K, committed 84400K, reserved 1122304K
  class space    used 9784K, capacity 10899K, committed 11008K, reserved 1048576K
}
Event: 273.029 GC heap before
{Heap before GC invocations=23 (full 0):
 garbage-first heap   total 251904K, used 183802K [0x000000070a200000, 0x0000000800000000)
  region size 1024K, 130 young (133120K), 17 survivors (17408K)
 Metaspace       used 81368K, capacity 84307K, committed 84656K, reserved 1122304K
  class space    used 9787K, capacity 10903K, committed 11008K, reserved 1048576K
}
Event: 273.037 GC heap after
{Heap after GC invocations=24 (full 0):
 garbage-first heap   total 251904K, used 69762K [0x000000070a200000, 0x0000000800000000)
  region size 1024K, 17 young (17408K), 17 survivors (17408K)
 Metaspace       used 81368K, capacity 84307K, committed 84656K, reserved 1122304K
  class space    used 9787K, capacity 10903K, committed 11008K, reserved 1048576K
}
Event: 293.799 GC heap before
{Heap before GC invocations=24 (full 0):
 garbage-first heap   total 251904K, used 183426K [0x000000070a200000, 0x0000000800000000)
  region size 1024K, 129 young (132096K), 17 survivors (17408K)
 Metaspace       used 81369K, capacity 84307K, committed 84656K, reserved 1122304K
  class space    used 9787K, capacity 10903K, committed 11008K, reserved 1048576K
}
Event: 293.805 GC heap after
{Heap after GC invocations=25 (full 0):
 garbage-first heap   total 251904K, used 70133K [0x000000070a200000, 0x0000000800000000)
  region size 1024K, 17 young (17408K), 17 survivors (17408K)
 Metaspace       used 81369K, capacity 84307K, committed 84656K, reserved 1122304K
  class space    used 9787K, capacity 10903K, committed 11008K, reserved 1048576K
}
Event: 313.270 GC heap before
{Heap before GC invocations=25 (full 0):
 garbage-first heap   total 251904K, used 183797K [0x000000070a200000, 0x0000000800000000)
  region size 1024K, 129 young (132096K), 17 survivors (17408K)
 Metaspace       used 81369K, capacity 84307K, committed 84656K, reserved 1122304K
  class space    used 9787K, capacity 10903K, committed 11008K, reserved 1048576K
}
Event: 313.277 GC heap after
{Heap after GC invocations=26 (full 0):
 garbage-first heap   total 251904K, used 70530K [0x000000070a200000, 0x0000000800000000)
  region size 1024K, 17 young (17408K), 17 survivors (17408K)
 Metaspace       used 81369K, capacity 84307K, committed 84656K, reserved 1122304K
  class space    used 9787K, capacity 10903K, committed 11008K, reserved 1048576K
}
Event: 332.066 GC heap before
{Heap before GC invocations=26 (full 0):
 garbage-first heap   total 251904K, used 184194K [0x000000070a200000, 0x0000000800000000)
  region size 1024K, 129 young (132096K), 17 survivors (17408K)
 Metaspace       used 81369K, capacity 84307K, committed 84656K, reserved 1122304K
  class space    used 9787K, capacity 10903K, committed 11008K, reserved 1048576K
}
Event: 332.073 GC heap after
{Heap after GC invocations=27 (full 0):
 garbage-first heap   total 251904K, used 71073K [0x000000070a200000, 0x0000000800000000)
  region size 1024K, 17 young (17408K), 17 survivors (17408K)
 Metaspace       used 81369K, capacity 84307K, committed 84656K, reserved 1122304K
  class space    used 9787K, capacity 10903K, committed 11008K, reserved 1048576K
}

Deoptimization events (0 events):
No events

Classes redefined (0 events):
No events

Internal exceptions (10 events):
Event: 297.648 Thread 0x00000204d7146000 Exception <a 'java/io/FileNotFoundException'{0x000000071774da98}> (0x000000071774da98) thrown at [t:/workspace/open/src/hotspot/share/prims/jni.cpp, line 615]
Event: 297.649 Thread 0x00000204d7146000 Exception <a 'java/io/FileNotFoundException'{0x000000071774e3c0}> (0x000000071774e3c0) thrown at [t:/workspace/open/src/hotspot/share/prims/jni.cpp, line 615]
Event: 307.655 Thread 0x00000204d7146000 Exception <a 'java/io/FileNotFoundException'{0x0000000714343278}> (0x0000000714343278) thrown at [t:/workspace/open/src/hotspot/share/prims/jni.cpp, line 615]
Event: 307.655 Thread 0x00000204d7146000 Exception <a 'java/io/FileNotFoundException'{0x00000007143468d8}> (0x00000007143468d8) thrown at [t:/workspace/open/src/hotspot/share/prims/jni.cpp, line 615]
Event: 317.658 Thread 0x00000204d7146000 Exception <a 'java/io/FileNotFoundException'{0x0000000717512d20}> (0x0000000717512d20) thrown at [t:/workspace/open/src/hotspot/share/prims/jni.cpp, line 615]
Event: 317.658 Thread 0x00000204d7146000 Exception <a 'java/io/FileNotFoundException'{0x0000000717513688}> (0x0000000717513688) thrown at [t:/workspace/open/src/hotspot/share/prims/jni.cpp, line 615]
Event: 327.658 Thread 0x00000204d7146000 Exception <a 'java/io/FileNotFoundException'{0x0000000714188658}> (0x0000000714188658) thrown at [t:/workspace/open/src/hotspot/share/prims/jni.cpp, line 615]
Event: 327.658 Thread 0x00000204d7146000 Exception <a 'java/io/FileNotFoundException'{0x0000000714188fc0}> (0x0000000714188fc0) thrown at [t:/workspace/open/src/hotspot/share/prims/jni.cpp, line 615]
Event: 337.673 Thread 0x00000204d7146000 Exception <a 'java/io/FileNotFoundException'{0x0000000717543740}> (0x0000000717543740) thrown at [t:/workspace/open/src/hotspot/share/prims/jni.cpp, line 615]
Event: 337.673 Thread 0x00000204d7146000 Exception <a 'java/io/FileNotFoundException'{0x0000000717544088}> (0x0000000717544088) thrown at [t:/workspace/open/src/hotspot/share/prims/jni.cpp, line 615]

Events (10 events):
Event: 337.806 Thread 0x00000204d6744000 Thread added: 0x00000204d6744000
Event: 337.859 Thread 0x00000204d6744000 Thread exited: 0x00000204d6744000
Event: 337.859 Thread 0x00000204d6743800 Thread exited: 0x00000204d6743800
Event: 337.860 Thread 0x00000204d6743800 Thread added: 0x00000204d6743800
Event: 337.860 Thread 0x00000204d6744000 Thread added: 0x00000204d6744000
Event: 337.860 Thread 0x00000204d6744000 Thread exited: 0x00000204d6744000
Event: 337.860 Thread 0x00000204d6743800 Thread exited: 0x00000204d6743800
Event: 337.892 Thread 0x00000204dd95e000 DEOPT PACKING pc=0x00000204ba9f01c4 sp=0x000000122a8fe200
Event: 337.892 Thread 0x00000204dd95e000 DEOPT UNPACKING pc=0x00000204b8e8d6ce sp=0x000000122a8fd7f0 mode 1
Event: 337.892 Executing VM operation: RevokeBias


Dynamic libraries:
0x00007ff7c6b40000 - 0x00007ff7c6b87000 	C:\Program Files\Java\jdk-11\bin\java.exe
0x00007ffc4e830000 - 0x00007ffc4ea28000 	C:\Windows\SYSTEM32\ntdll.dll
0x00007ffc4dd70000 - 0x00007ffc4de2d000 	C:\Windows\System32\KERNEL32.DLL
0x00007ffc4c0e0000 - 0x00007ffc4c3d6000 	C:\Windows\System32\KERNELBASE.dll
0x00007ffc4cc00000 - 0x00007ffc4ccb0000 	C:\Windows\System32\ADVAPI32.dll
0x00007ffc4d270000 - 0x00007ffc4d30e000 	C:\Windows\System32\msvcrt.dll
0x00007ffc4cb60000 - 0x00007ffc4cc00000 	C:\Windows\System32\sechost.dll
0x00007ffc4d020000 - 0x00007ffc4d143000 	C:\Windows\System32\RPCRT4.dll
0x00007ffc4c490000 - 0x00007ffc4c4b7000 	C:\Windows\System32\bcrypt.dll
0x00007ffc4d310000 - 0x00007ffc4d4af000 	C:\Windows\System32\USER32.dll
0x00007ffc4c830000 - 0x00007ffc4c852000 	C:\Windows\System32\win32u.dll
0x00007ffc4dd40000 - 0x00007ffc4dd6b000 	C:\Windows\System32\GDI32.dll
0x00007ffc4c6c0000 - 0x00007ffc4c7d7000 	C:\Windows\System32\gdi32full.dll
0x00007ffc4bee0000 - 0x00007ffc4bf7d000 	C:\Windows\System32\msvcp_win.dll
0x00007ffc4c530000 - 0x00007ffc4c630000 	C:\Windows\System32\ucrtbase.dll
0x00007ffc38650000 - 0x00007ffc388ea000 	C:\Windows\WinSxS\amd64_microsoft.windows.common-controls_6595b64144ccf1df_6.0.19041.3636_none_60b6a03d71f818d5\COMCTL32.dll
0x00007ffc4ba40000 - 0x00007ffc4ba4a000 	C:\Windows\SYSTEM32\VERSION.dll
0x00007ffc4dee0000 - 0x00007ffc4df12000 	C:\Windows\System32\IMM32.DLL
0x0000000050600000 - 0x000000005060d000 	C:\Program Files (x86)\360\360Safe\safemon\SafeWrapper.dll
0x00007ffc2f2c0000 - 0x00007ffc2f36e000 	C:\Program Files (x86)\360\360Safe\safemon\libzdtp64.dll
0x00007ffc4d5c0000 - 0x00007ffc4dd2b000 	C:\Windows\System32\SHELL32.dll
0x00007ffc4e070000 - 0x00007ffc4e0c5000 	C:\Windows\System32\SHLWAPI.dll
0x00007ffc204a0000 - 0x00007ffc204b6000 	C:\Program Files\Java\jdk-11\bin\vcruntime140.dll
0x00007ffbe7260000 - 0x00007ffbe730a000 	C:\Program Files\Java\jdk-11\bin\msvcp140.dll
0x00007ffbc4530000 - 0x00007ffbc5072000 	C:\Program Files\Java\jdk-11\bin\server\jvm.dll
0x00007ffc4ccb0000 - 0x00007ffc4ccb8000 	C:\Windows\System32\PSAPI.DLL
0x00007ffc26fe0000 - 0x00007ffc26fe9000 	C:\Windows\SYSTEM32\WSOCK32.dll
0x00007ffc3fee0000 - 0x00007ffc3ff07000 	C:\Windows\SYSTEM32\WINMM.dll
0x00007ffc4c940000 - 0x00007ffc4c9ab000 	C:\Windows\System32\WS2_32.dll
0x00007ffc4a6c0000 - 0x00007ffc4a6d2000 	C:\Windows\SYSTEM32\kernel.appcore.dll
0x00007ffc13090000 - 0x00007ffc130a1000 	C:\Program Files\Java\jdk-11\bin\verify.dll
0x00007ffc4a1f0000 - 0x00007ffc4a3d4000 	C:\Windows\SYSTEM32\DBGHELP.DLL
0x00007ffc399b0000 - 0x00007ffc399e4000 	C:\Windows\SYSTEM32\dbgcore.DLL
0x00007ffc4c630000 - 0x00007ffc4c6b2000 	C:\Windows\System32\bcryptPrimitives.dll
0x00007ffc09e20000 - 0x00007ffc09e49000 	C:\Program Files\Java\jdk-11\bin\java.dll
0x00007ffc42090000 - 0x00007ffc420c7000 	C:\Program Files\Java\jdk-11\bin\jdwp.dll
0x00007ffc3ea10000 - 0x00007ffc3ea3f000 	C:\Program Files\Java\jdk-11\bin\instrument.dll
0x00007ffc12fc0000 - 0x00007ffc12fd6000 	C:\Program Files\Java\jdk-11\bin\zip.dll
0x00007ffc20eb0000 - 0x00007ffc20eba000 	C:\Program Files\Java\jdk-11\bin\jimage.dll
0x00007ffc490e0000 - 0x00007ffc4987e000 	C:\Windows\SYSTEM32\windows.storage.dll
0x00007ffc4ccc0000 - 0x00007ffc4d013000 	C:\Windows\System32\combase.dll
0x00007ffc4b8a0000 - 0x00007ffc4b8ce000 	C:\Windows\SYSTEM32\Wldp.dll
0x00007ffc4dfa0000 - 0x00007ffc4e06d000 	C:\Windows\System32\OLEAUT32.dll
0x00007ffc4de30000 - 0x00007ffc4dedd000 	C:\Windows\System32\SHCORE.dll
0x00007ffc4be10000 - 0x00007ffc4be33000 	C:\Windows\SYSTEM32\profapi.dll
0x00007ffc47520000 - 0x00007ffc4752a000 	C:\Program Files\Java\jdk-11\bin\dt_socket.dll
0x00007ffc4b600000 - 0x00007ffc4b66a000 	C:\Windows\system32\mswsock.dll
0x00007ffc12ec0000 - 0x00007ffc12ed9000 	C:\Program Files\Java\jdk-11\bin\net.dll
0x00007ffc3eb70000 - 0x00007ffc3ec7a000 	C:\Windows\SYSTEM32\WINHTTP.dll
0x00007ffc09170000 - 0x00007ffc09183000 	C:\Program Files\Java\jdk-11\bin\nio.dll
0x00007ffc4b2e0000 - 0x00007ffc4b3ab000 	C:\Windows\SYSTEM32\DNSAPI.dll
0x00007ffc4b290000 - 0x00007ffc4b2cb000 	C:\Windows\SYSTEM32\IPHLPAPI.DLL
0x00007ffc4d260000 - 0x00007ffc4d268000 	C:\Windows\System32\NSI.dll
0x00007ffc42730000 - 0x00007ffc4273a000 	C:\Windows\System32\rasadhlp.dll
0x00007ffc38920000 - 0x00007ffc389a0000 	C:\Windows\System32\fwpuclnt.dll
0x00007ffc47510000 - 0x00007ffc47519000 	C:\Program Files\Java\jdk-11\bin\management.dll
0x00007ffc47320000 - 0x00007ffc4732c000 	C:\Program Files\Java\jdk-11\bin\management_ext.dll
0x00007ffc4b800000 - 0x00007ffc4b818000 	C:\Windows\SYSTEM32\CRYPTSP.dll
0x00007ffc4aeb0000 - 0x00007ffc4aee4000 	C:\Windows\system32\rsaenh.dll
0x00007ffc4bdd0000 - 0x00007ffc4bdfe000 	C:\Windows\SYSTEM32\USERENV.dll
0x00007ffc4b7f0000 - 0x00007ffc4b7fc000 	C:\Windows\SYSTEM32\CRYPTBASE.dll
0x00007ffc420d0000 - 0x00007ffc420e7000 	C:\Windows\SYSTEM32\dhcpcsvc6.DLL
0x00007ffc41fa0000 - 0x00007ffc41fbd000 	C:\Windows\SYSTEM32\dhcpcsvc.DLL
0x00007ffc47070000 - 0x00007ffc4708d000 	C:\Windows\system32\NLAapi.dll
0x00007ffc26ad0000 - 0x00007ffc26ae7000 	C:\Windows\system32\napinsp.dll
0x00007ffc26ab0000 - 0x00007ffc26acb000 	C:\Windows\system32\pnrpnsp.dll
0x00007ffc269d0000 - 0x00007ffc269e2000 	C:\Windows\System32\winrnr.dll
0x00007ffc46140000 - 0x00007ffc46155000 	C:\Windows\system32\wshbth.dll
0x0000000180000000 - 0x000000018034c000 	C:\Windows\System32\tcnative-1.dll
0x00007ffc4bf80000 - 0x00007ffc4c0de000 	C:\Windows\System32\CRYPT32.dll
0x00007ffc47270000 - 0x00007ffc4727d000 	C:\Program Files\Java\jdk-11\bin\sunmscapi.dll
0x00007ffc4b910000 - 0x00007ffc4b938000 	C:\Windows\SYSTEM32\ncrypt.dll
0x00007ffc4b8d0000 - 0x00007ffc4b90b000 	C:\Windows\SYSTEM32\NTASN1.dll
0x00007ffc36ce0000 - 0x00007ffc36d07000 	C:\Program Files\Java\jdk-11\bin\sunec.dll
0x00007ffc36ca0000 - 0x00007ffc36ce0000 	C:\Users\86186\AppData\Local\Temp\jna-2140289858\jna8600793854819986279.dll
0x00007ffc35430000 - 0x00007ffc3572e000 	C:\Windows\win32-x86-64\hk_lib\win\HCNetSDK.dll
0x00000204df2c0000 - 0x00000204dfd38000 	C:\Windows\win32-x86-64\hk_lib\win\HCCore.dll
0x00007ffc33250000 - 0x00007ffc33411000 	C:\Windows\win32-x86-64\hk_lib\win\libeay32.dll
0x00007ffc36b90000 - 0x00007ffc36c00000 	C:\Windows\win32-x86-64\hk_lib\win\ssleay32.dll
0x00007ffbe5340000 - 0x00007ffbe560a000 	C:\Windows\win32-x86-64\hk_lib\win\HCNetSDKCom\HCPreview.dll
0x00000204e08b0000 - 0x00000204e0bbe000 	C:\Windows\win32-x86-64\hk_lib\win\HCNetSDKCom\HCCoreDevCfg.dll
0x00007ffbe4e10000 - 0x00007ffbe5125000 	C:\Windows\win32-x86-64\hk_lib\win\HCNetSDKCom\HCVoiceTalk.dll
0x00007ffbe12d0000 - 0x00007ffbe16a3000 	C:\Windows\win32-x86-64\hk_lib\win\HCNetSDKCom\HCGeneralCfgMgr.dll
0x00007ffbe4310000 - 0x00007ffbe45ec000 	C:\Windows\win32-x86-64\hk_lib\win\HCNetSDKCom\HCPlayBack.dll
0x00007ffbdfd30000 - 0x00007ffbe0097000 	C:\Windows\win32-x86-64\hk_lib\win\HCNetSDKCom\HCIndustry.dll
0x00007ffbe3a00000 - 0x00007ffbe3d13000 	C:\Windows\win32-x86-64\hk_lib\win\HCNetSDKCom\HCDisplay.dll
0x00007ffbdfa40000 - 0x00007ffbdfd29000 	C:\Windows\win32-x86-64\hk_lib\win\HCNetSDKCom\HCAlarm.dll

dbghelp: loaded successfully - version: 4.0.5 - missing functions: none
symbol engine: initialized successfully - sym options: 0x614 - pdb path: .;C:\Program Files\Java\jdk-11\bin;C:\Windows\SYSTEM32;C:\Windows\WinSxS\amd64_microsoft.windows.common-controls_6595b64144ccf1df_6.0.19041.3636_none_60b6a03d71f818d5;C:\Program Files (x86)\360\360Safe\safemon;C:\Program Files\Java\jdk-11\bin\server;C:\Users\86186\AppData\Local\Temp\jna-2140289858;C:\Windows\win32-x86-64\hk_lib\win;C:\Windows\win32-x86-64\hk_lib\win\HCNetSDKCom

VM Arguments:
jvm_args: -agentlib:jdwp=transport=dt_socket,address=127.0.0.1:5550,suspend=y,server=n -XX:TieredStopAtLevel=1 -Xverify:none -Dspring.output.ansi.enabled=always -Dcom.sun.management.jmxremote -Dspring.jmx.enabled=true -Dspring.liveBeansView.mbeanDomain -Dspring.application.admin.enabled=true -Dmanagement.endpoints.jmx.exposure.include=* -javaagent:C:\Users\86186\AppData\Local\JetBrains\IntelliJIdea2022.3\captureAgent\debugger-agent.jar -Dfile.encoding=UTF-8 
java_command: com.mskyeye.trace.CameraTraceApplication
java_class_path (initial): D:\쾢寡淃커\都쯤\쾢寡彊堵淃커홍덜쯤\lw-waterarea-2.0\lw-cloud-camera-trace\target\classes;D:\Repositories\Maven\org\springframework\boot\spring-boot-starter-web\2.3.3.RELEASE\spring-boot-starter-web-2.3.3.RELEASE.jar;D:\Repositories\Maven\org\springframework\boot\spring-boot-starter\2.3.3.RELEASE\spring-boot-starter-2.3.3.RELEASE.jar;D:\Repositories\Maven\org\springframework\boot\spring-boot\2.3.3.RELEASE\spring-boot-2.3.3.RELEASE.jar;D:\Repositories\Maven\org\springframework\boot\spring-boot-starter-logging\2.3.3.RELEASE\spring-boot-starter-logging-2.3.3.RELEASE.jar;D:\Repositories\Maven\ch\qos\logback\logback-classic\1.2.3\logback-classic-1.2.3.jar;D:\Repositories\Maven\ch\qos\logback\logback-core\1.2.3\logback-core-1.2.3.jar;D:\Repositories\Maven\org\apache\logging\log4j\log4j-to-slf4j\2.13.3\log4j-to-slf4j-2.13.3.jar;D:\Repositories\Maven\org\apache\logging\log4j\log4j-api\2.13.3\log4j-api-2.13.3.jar;D:\Repositories\Maven\org\slf4j\jul-to-slf4j\1.7.30\jul-to-slf4j-1.7.30.jar;D:\Repositories\Maven\jakarta\annotation\jakarta.annotation-api\1.3.5\jakarta.annotation-api-1.3.5.jar;D:\Repositories\Maven\org\springframework\spring-core\5.2.8.RELEASE\spring-core-5.2.8.RELEASE.jar;D:\Repositories\Maven\org\springframework\spring-jcl\5.2.8.RELEASE\spring-jcl-5.2.8.RELEASE.jar;D:\Repositories\Maven\org\yaml\snakeyaml\1.26\snakeyaml-1.26.jar;D:\Repositories\Maven\org\springframework\boot\spring-boot-starter-json\2.3.3.RELEASE\spring-boot-starter-json-2.3.3.RELEASE.jar;D:\Repositories\Maven\com\fasterxml\jackson\datatype\jackson-datatype-jdk8\2.11.2\jackson-datatype-jdk8-2.11.2.jar;D:\Repositories\Maven\com\fasterxml\jackson\datatype\jackson-datatype-jsr310\2.11.2\jackson-datatype-jsr310-2.11.2.jar;D:\Repositories\Maven\com\fasterxml\jackson\module\jackson-module-parameter-names\2.11.2\jackson-module-parameter-names-2.11.2.jar;D:\Repositories\Maven\org\springframework\boot\spring-boot-starter-tomcat\2.3.3.RELEASE\spring-boot-starter-tomcat-2.3.3.
Launcher Type: SUN_STANDARD

[Global flags]
     bool BytecodeVerificationLocal                = false                                     {product} {command line}
     bool BytecodeVerificationRemote               = false                                     {product} {command line}
     intx CICompilerCount                          = 12                                        {product} {ergonomic}
     uint ConcGCThreads                            = 3                                         {product} {ergonomic}
     uint G1ConcRefinementThreads                  = 13                                        {product} {ergonomic}
   size_t G1HeapRegionSize                         = 1048576                                   {product} {ergonomic}
    uintx GCDrainStackTargetSize                   = 64                                        {product} {ergonomic}
   size_t InitialHeapSize                          = 257949696                                 {product} {ergonomic}
     bool ManagementServer                         = true                                      {product} {command line}
   size_t MarkStackSize                            = 4194304                                   {product} {ergonomic}
   size_t MaxHeapSize                              = 4125097984                                {product} {ergonomic}
   size_t MaxNewSize                               = 2474639360                                {product} {ergonomic}
   size_t MinHeapDeltaBytes                        = 1048576                                   {product} {ergonomic}
    uintx NonNMethodCodeHeapSize                   = 12163472                               {pd product} {ergonomic}
    uintx NonProfiledCodeHeapSize                  = 239494768                              {pd product} {ergonomic}
    uintx ProfiledCodeHeapSize                     = 0                                      {pd product} {ergonomic}
    uintx ReservedCodeCacheSize                    = 251658240                              {pd product} {ergonomic}
     bool SegmentedCodeCache                       = true                                      {product} {ergonomic}
     intx TieredStopAtLevel                        = 1                                         {product} {command line}
     bool UseCompressedClassPointers               = true                                 {lp64_product} {ergonomic}
     bool UseCompressedOops                        = true                                 {lp64_product} {ergonomic}
     bool UseG1GC                                  = true                                      {product} {ergonomic}
     bool UseLargePagesIndividualAllocation        = false                                  {pd product} {ergonomic}

Logging:
Log output configuration:
 #0: stdout all=warning uptime,level,tags
 #1: stderr all=off uptime,level,tags

Environment Variables:
JAVA_HOME=C:\Program Files\Java\jdk-11
CLASSPATH=C:\Program Files\Java\jdk-11\lib;%JRE_HOME%\lib;
PATH=C:\ProgramData\Anaconda3\Lib\site-packages\pyqt5_tools;C:\Program Files\NVIDIA GPU Computing Toolkit\CUDA\v11.1\libnvvp;C:\ProgramData\Anaconda3;C:\ProgramData\Anaconda3\Library\mingw-w64\bin;C:\ProgramData\Anaconda3\Library\usr\bin;C:\ProgramData\Anaconda3\Library\bin;C:\ProgramData\Anaconda3\Scripts;C:\Program Files\VanDyke Software\SecureCRT\;D:\app\GrKing\product\11.2.0\dbhome_1\bin;C:\windows\system32;C:\windows;C:\windows\System32\Wbem;C:\windows\System32\WindowsPowerShell\v1.0\;C:\windows\System32\OpenSSH\;C:\Program Files (x86)\NVIDIA Corporation\PhysX\Common;C:\Program Files\NVIDIA Corporation\NVIDIA NvDLISR;C:\Windows\system32;C:\Windows;C:\Windows\System32\Wbem;C:\Windows\System32\WindowsPowerShell\v1.0\;C:\Windows\System32\OpenSSH\;C:\Program Files\Java\jdk-11\bin;C:\Program Files\Java\jdk-11\jre\bin;C:\Program Files\apache-maven-3.5.3\bin;D:\Develop\nodejs\node_global;D:\Develop\nodejs\;C:\Program Files\Git\cmd;C:\Program Files\Microsoft SQL Server\110\Tools\Binn\;C:\Program Files\dotnet\;D:\ffmpeg\bin\;C:\Users\86186\AppData\Local\Programs\Python\Python38;C:\ProgramData\Anaconda3;C:\ProgramData\Anaconda3\Library\mingw-w64\bin;C:\ProgramData\Anaconda3\Library\usr\bin;C:\ProgramData\Anaconda3\Library\bin;C:\ProgramData\Anaconda3\Scripts;C:\Program Files\NVIDIA Corporation\Nsight Compute 2020.2.0\;C:\Program Files\apache-maven-3.5.2\bin;C:\Users\86186\Desktop\apache-zookeeper-3.7.1-bin\bin;C:\Program Files\Erlang OTP\bin;C:\Program Files\RabbitMQ Server\rabbitmq_server-3.11.3\sbin;C:\Program Files\Go\bin;C:\Windows\win32-x86-64\hk_lib\win;C:\Windows\win32-x86-64\hk_lib\linux;C:\Program Files\MySQL\MySQL Shell 8.0\bin\;C:\Users\86186\AppData\Local\Microsoft\WindowsApps;D:\Develop\nodejs\node_global;;C:\Program Files (x86)\Fiddler2;C:\Users\86186\AppData\Local\Programs\Microsoft VS Code\bin;C:\Users\86186\go\bin
USERNAME=GrKing
OS=Windows_NT
PROCESSOR_IDENTIFIER=AMD64 Family 23 Model 96 Stepping 1, AuthenticAMD



---------------  S Y S T E M  ---------------

OS: Windows 10 , 64 bit Build 19041 (10.0.19041.3636)

CPU:total 16 (initial active 16) (16 cores per cpu, 2 threads per core) family 23 model 96 stepping 1, cmov, cx8, fxsr, mmx, sse, sse2, sse3, ssse3, sse4.1, sse4.2, popcnt, avx, avx2, aes, clmul, mmxext, 3dnowpref, lzcnt, sse4a, ht, tsc, tscinvbit, tscinv, bmi1, bmi2, adx, sha, fma

Memory: 4k page, system-wide physical 15732M (4957M free)
TotalPageFile size 64884M (AvailPageFile size 2M)
current process WorkingSet (physical memory assigned to process): 508M, peak: 512M
current process commit charge ("private bytes"): 619M, peak: 690M

vm_info: Java HotSpot(TM) 64-Bit Server VM (11+28) for windows-amd64 JRE (11+28), built on Aug 23 2018 03:03:59 by "mach5one" with MS VC++ 15.5 (VS2017)

END.
